scripts/cpa.sh -heap 4096M -benchmark -timelimit 120s -config ./config/myAnalysis-concurrent-interrupt-benchmark.properties -stats -spec ../benchmark-racebench/properties/unreach-call.prp -32 ../benchmark-racebench/2.1_remarks/svp_simple_029_001.i


--------------------------------------------------------------------------------


Running CPAchecker with Java heap of size 4096M.
Running CPAchecker with default stack size (1024k). Specify a larger value with -stack if needed.
Language C detected and set for analysis (CPAMain.detectFrontendLanguageIfNecessary, INFO)

Using the following resource limits: CPU-time limit of 120s (ResourceLimitChecker.fromConfiguration, INFO)

CPAchecker 2.0 / myAnalysis-concurrent-interrupt-benchmark (Java HotSpot(TM) 64-Bit Server VM 11.0.8) started (CPAchecker.run, INFO)

Parsing CFA from file(s) "../benchmark-racebench/2.1_remarks/svp_simple_029_001.i" (CPAchecker.parse, INFO)

Building Constrained Dependency Graph ... (EdgeInfo.<init>, INFO)

Using unsound approximation of ints with unbounded integers and floats with rationals for encoding program semantics. (FormulaManagerView.<init>, WARNING)

Starting analysis ... (CPAchecker.runAlgorithm, INFO)

Error: Unsupported feature (BDD-analysis does not support arrays: svp_simple_029_001_tm_blocks[tm_name]) (BDDVectorCExpressionVisitor.visit, SEVERE)


BDDCPA statistics
-----------------
Number of boolean vars:           0 (of 0)
Number of intEqual vars:          0 (of 0)
Number of intAdd vars:            1 (of 1)
Number of all vars:               1
Number of intBool partitions:     0
Number of intEq partitions:       0
Number of intAdd partitions:      1
Number of all partitions:         12
Number of named predicates:          2368
Number of BDD nodes:                               22577
Size of BDD node table:                            207593
Size of BDD cache:                                 20759
Size of BDD node cleanup queue:                    0.00 (sum: 0, count: 14931, min: 0, max: 0)
Time for BDD node cleanup:                             0.007s
Time for BDD garbage collection:                       0.000s (in 0 runs)

AutomatonAnalysis (SVCOMP) statistics
-------------------------------------
Number of states:                                  1
Total time for successor computation:                  0.024s
Automaton transfers with branching:                0
Automaton transfer successors:                     1.00 (sum: 137, count: 137, min: 1, max: 1) [1 x 137]
Number of states with assumption transitions:      0

Constrained Dependency Graph statistics
---------------------------------------
Time for building the nodes of conditional dependence graph:     0.034s
Time for building conditional dependence graph:        0.225s
  Number of dependent node:                              34 (count: 1, min: 34, max: 34, avg: 34.00)
  Number of dependent node pairs:                        42
  Number of un-conditional dependent node pairs:         42
  Number of block:                                       50
  Size of block:                                         50 (sum: 50, min: 1, max: 1, avg: 1.00)

CPA algorithm statistics
------------------------
Number of iterations:            136
Max size of waitlist:            6
Average size of waitlist:        2
ThreadingSortedWaitlist:                           101.00 (sum: 101, count: 1, min: 101, max: 101)
CallstackSortedWaitlist:                           0.00 (sum: 0, count: 35, min: 0, max: 0)
Number of computed successors:   138
Max successors for one state:    2
Number of times merged:          0
Number of times stopped:         0
Number of times breaked:         0

Total time for CPA algorithm:         0.187s (Max:     0.187s)
  Time for choose from waitlist:      0.000s
  Time for precision adjustment:      0.011s
  Time for transfer relation:         0.153s
  Time for stop operator:             0.013s
  Time for adding to reached set:     0.007s

CPAchecker general statistics
-----------------------------
Number of program locations:                       110
Number of CFA edges (per node):                         121 (count: 110, min: 0, max: 3, avg: 1.10)
Number of relevant variables:                      21
Number of functions:                               7
Number of loops (and loop nodes):                         1 (sum: 4, min: 4, max: 4, avg: 4.00)
Size of reached set:             139
  Number of partitions:          95
    Avg size of partitions:      1
    Max size of partitions:      11 (with key [{svp_simple_029_001_main=N13 (before line 148) Function svp_simple_029_001_init called from node N3, stack depth 2 [38cf3ae1], stack [svp_simple_029_001_main, svp_simple_029_001_init] @@ -2147483648 @@ 0}])
  Number of target states:       0
  Size of final wait list:       4

Time for analysis setup:          1.938s
  Time for loading CPAs:          0.373s
  Time for loading parser:        0.306s
  Time for CFA construction:      0.922s
    Time for parsing file(s):     0.455s
    Time for AST to CFA:          0.223s
    Time for CFA sanity check:    0.000s
    Time for post-processing:     0.182s
      Time for function pointers resolving:            0.068s
        Function calls via function pointers:             6 (count: 1, min: 6, max: 6, avg: 6.00)
        Instrumented function pointer calls:              6 (count: 1, min: 6, max: 6, avg: 6.00)
        Function calls with function pointer arguments:        0 (count: 1, min: 0, max: 0, avg: 0.00)
        Instrumented function pointer arguments:          0 (count: 1, min: 0, max: 0, avg: 0.00)
      Time for classifying variables:                  0.067s
        Time for collecting variables:                 0.039s
        Time for solving dependencies:                 0.001s
        Time for building hierarchy:                   0.000s
        Time for building classification:              0.027s
        Time for exporting data:                       0.000s
Time for Analysis:                0.187s
CPU time for analysis:            0.190s
Total time for CPAchecker:        2.127s
Total CPU time for CPAchecker:    2.120s
Time for statistics:              0.095s

Time for Garbage Collector:       0.032s (in 2 runs)
Garbage Collector(s) used:    Copy, MarkSweepCompact

Verification result: UNKNOWN, incomplete analysis.
More details about the verification run can be found in the directory "./output".
