scripts/cpa.sh -heap 4096M -benchmark -timelimit 120s -config ./config/myAnalysis-concurrent-interrupt-benchmark.properties -stats -spec ../benchmark-racebench/properties/unreach-call.prp -32 ../benchmark-racebench/2.1_remarks/svp_simple_017_001.i


--------------------------------------------------------------------------------


Running CPAchecker with Java heap of size 4096M.
Running CPAchecker with default stack size (1024k). Specify a larger value with -stack if needed.
Language C detected and set for analysis (CPAMain.detectFrontendLanguageIfNecessary, INFO)

Using the following resource limits: CPU-time limit of 120s (ResourceLimitChecker.fromConfiguration, INFO)

CPAchecker 2.0 / myAnalysis-concurrent-interrupt-benchmark (Java HotSpot(TM) 64-Bit Server VM 11.0.8) started (CPAchecker.run, INFO)

Parsing CFA from file(s) "../benchmark-racebench/2.1_remarks/svp_simple_017_001.i" (CPAchecker.parse, INFO)

Building Constrained Dependency Graph ... (EdgeInfo.<init>, INFO)

Using unsound approximation of ints with unbounded integers and floats with rationals for encoding program semantics. (FormulaManagerView.<init>, WARNING)

Starting analysis ... (CPAchecker.runAlgorithm, INFO)

========================== Verify Result ===========================
explored states: 243
reached set size: 244
total time: 340 ms
=========================== Predicates =============================
====================================================================
Race times:
 
[31m=========================== Conflicts checked =============================
The total number of conflicts is4
RWR conflicts have 0
WRW conflicts have 0
RWW conflicts have 1
WWR conflicts have 3
[0m=========================== 详细状态如下 =============================
 raceRWRSet:
[]
 raceWRWSet:
[]
 raceRWWSet:
[
svp_simple_017_001_global_var:

       (svp_simple_017_001_global_var,svp_simple_017_001_main, '119, 'R)
       (svp_simple_017_001_global_var,svp_simple_017_001_isr_1, '129, 'W)
       (svp_simple_017_001_global_var,svp_simple_017_001_main, '122, 'W)]
 raceWWRSet:
[
svp_simple_017_001_global_var:

       (svp_simple_017_001_global_var,svp_simple_017_001_main, '122, 'W)
       (svp_simple_017_001_global_var,svp_simple_017_001_isr_1, '129, 'W)
       (svp_simple_017_001_global_var,svp_simple_017_001_main, '120, 'R), 
svp_simple_017_001_global_var:

       (svp_simple_017_001_global_var,svp_simple_017_001_main, '120, 'W)
       (svp_simple_017_001_global_var,svp_simple_017_001_isr_1, '129, 'W)
       (svp_simple_017_001_global_var,svp_simple_017_001_main, '119, 'R), 
svp_simple_017_001_global_var:

       (svp_simple_017_001_global_var,svp_simple_017_001_main, '119, 'W)
       (svp_simple_017_001_global_var,svp_simple_017_001_isr_1, '129, 'W)
       (svp_simple_017_001_global_var,svp_simple_017_001_main, '119, 'R)]
Stopping analysis ... (CPAchecker.runAlgorithm, INFO)


BDDCPA statistics
-----------------
Number of boolean vars:           0 (of 0)
Number of intEqual vars:          0 (of 0)
Number of intAdd vars:            1 (of 1)
Number of all vars:               1
Number of intBool partitions:     0
Number of intEq partitions:       0
Number of intAdd partitions:      1
Number of all partitions:         4
Number of named predicates:          640
Number of BDD nodes:                               14142
Size of BDD node table:                            207593
Size of BDD cache:                                 20759
Size of BDD node cleanup queue:                    0.00 (sum: 0, count: 51160, min: 0, max: 0)
Time for BDD node cleanup:                             0.012s
Time for BDD garbage collection:                       0.000s (in 0 runs)

AutomatonAnalysis (SVCOMP) statistics
-------------------------------------
Number of states:                                  1
Total time for successor computation:                  0.013s
Automaton transfers with branching:                0
Automaton transfer successors:                     1.00 (sum: 226, count: 226, min: 1, max: 1) [1 x 226]
Number of states with assumption transitions:      0

Constrained Dependency Graph statistics
---------------------------------------
Time for building the nodes of conditional dependence graph:     0.080s
Time for building conditional dependence graph:        0.186s
  Number of dependent node:                               9 (count: 1, min: 9, max: 9, avg: 9.00)
  Number of dependent node pairs:                        30
  Number of un-conditional dependent node pairs:         30
  Number of block:                                        9
  Size of block:                                          9 (sum: 9, min: 1, max: 1, avg: 1.00)

CPA algorithm statistics
------------------------
Number of iterations:            244
Max size of waitlist:            2
Average size of waitlist:        1
ThreadingSortedWaitlist:                           189.00 (sum: 189, count: 1, min: 189, max: 189)
CallstackSortedWaitlist:                           3.44 (sum: 189, count: 55, min: 0, max: 13)
Number of computed successors:   243
Max successors for one state:    2
Number of times merged:          0
Number of times stopped:         0
Number of times breaked:         0

Total time for CPA algorithm:         0.340s (Max:     0.340s)
  Time for choose from waitlist:      0.004s
  Time for precision adjustment:      0.005s
  Time for transfer relation:         0.271s
  Time for stop operator:             0.026s
  Time for adding to reached set:     0.017s

CPAchecker general statistics
-----------------------------
Number of program locations:                       37
Number of CFA edges (per node):                          36 (count: 37, min: 0, max: 2, avg: 0.97)
Number of relevant variables:                      1
Number of functions:                               2
Number of loops (and loop nodes):                         1 (sum: 6, min: 6, max: 6, avg: 6.00)
Size of reached set:             244
  Number of partitions:          54
    Avg size of partitions:      4
    Max size of partitions:      22 (with key [{svp_simple_017_001_main=N6 (before line 119) Function svp_simple_017_001_main called from node N1, stack depth 1 [30760c5], stack [svp_simple_017_001_main] @@ -2147483648 @@ 0}])
  Number of target states:       0

Time for analysis setup:          1.725s
  Time for loading CPAs:          0.337s
  Time for loading parser:        0.303s
  Time for CFA construction:      0.745s
    Time for parsing file(s):     0.428s
    Time for AST to CFA:          0.148s
    Time for CFA sanity check:    0.000s
    Time for post-processing:     0.110s
      Time for function pointers resolving:            0.004s
        Function calls via function pointers:             0 (count: 1, min: 0, max: 0, avg: 0.00)
        Instrumented function pointer calls:              0 (count: 1, min: 0, max: 0, avg: 0.00)
        Function calls with function pointer arguments:        0 (count: 1, min: 0, max: 0, avg: 0.00)
        Instrumented function pointer arguments:          0 (count: 1, min: 0, max: 0, avg: 0.00)
      Time for classifying variables:                  0.062s
        Time for collecting variables:                 0.032s
        Time for solving dependencies:                 0.001s
        Time for building hierarchy:                   0.000s
        Time for building classification:              0.029s
        Time for exporting data:                       0.000s
Time for Analysis:                0.367s
CPU time for analysis:            0.360s
Time for analyzing result:        0.002s
Total time for CPAchecker:        2.093s
Total CPU time for CPAchecker:    2.080s
Time for statistics:              0.085s

Time for Garbage Collector:       0.031s (in 2 runs)
Garbage Collector(s) used:    Copy, MarkSweepCompact

Verification result: TRUE. No property violation found by chosen configuration.
More details about the verification run can be found in the directory "./output".
