scripts/cpa.sh -heap 4096M -benchmark -timelimit 120s -config ./config/myAnalysis-concurrent-interrupt-benchmark.properties -stats -spec ../benchmark-racebench/properties/unreach-call.prp -32 ../benchmark-racebench/2.1_remarks/svp_simple_023_001.i


--------------------------------------------------------------------------------


Running CPAchecker with Java heap of size 4096M.
Running CPAchecker with default stack size (1024k). Specify a larger value with -stack if needed.
Language C detected and set for analysis (CPAMain.detectFrontendLanguageIfNecessary, INFO)

Using the following resource limits: CPU-time limit of 120s (ResourceLimitChecker.fromConfiguration, INFO)

CPAchecker 2.0 / myAnalysis-concurrent-interrupt-benchmark (Java HotSpot(TM) 64-Bit Server VM 11.0.8) started (CPAchecker.run, INFO)

Parsing CFA from file(s) "../benchmark-racebench/2.1_remarks/svp_simple_023_001.i" (CPAchecker.parse, INFO)

Building Constrained Dependency Graph ... (EdgeInfo.<init>, INFO)

Using unsound approximation of ints with unbounded integers and floats with rationals for encoding program semantics. (FormulaManagerView.<init>, WARNING)

Starting analysis ... (CPAchecker.runAlgorithm, INFO)

========================== Verify Result ===========================
explored states: 77
reached set size: 78
total time: 153 ms
=========================== Predicates =============================
====================================================================
Race times:
 
[31m=========================== Conflicts checked =============================
The total number of conflicts is2
RWR conflicts have 1
WRW conflicts have 0
RWW conflicts have 0
WWR conflicts have 1
[0m=========================== 详细状态如下 =============================
 raceRWRSet:
[
svp_simple_023_001_global_var:

       (svp_simple_023_001_global_var,svp_simple_023_001_main, '129, 'R)
       (svp_simple_023_001_global_var,svp_simple_023_001_isr_1, '143, 'W)
       (svp_simple_023_001_global_var,svp_simple_023_001_func_1, '139, 'R)]
 raceWRWSet:
[]
 raceRWWSet:
[]
 raceWWRSet:
[
svp_simple_023_001_global_var:

       (svp_simple_023_001_global_var,svp_simple_023_001_init, '132, 'W)
       (svp_simple_023_001_global_var,svp_simple_023_001_isr_1, '143, 'W)
       (svp_simple_023_001_global_var,svp_simple_023_001_main, '129, 'R)]
Stopping analysis ... (CPAchecker.runAlgorithm, INFO)


BDDCPA statistics
-----------------
Number of boolean vars:           0 (of 0)
Number of intEqual vars:          0 (of 0)
Number of intAdd vars:            2 (of 2)
Number of all vars:               2
Number of intBool partitions:     0
Number of intEq partitions:       0
Number of intAdd partitions:      1
Number of all partitions:         1
Number of named predicates:          192
Number of BDD nodes:                               8617
Size of BDD node table:                            207593
Size of BDD cache:                                 20759
Size of BDD node cleanup queue:                    0.00 (sum: 0, count: 4043, min: 0, max: 0)
Time for BDD node cleanup:                             0.009s
Time for BDD garbage collection:                       0.000s (in 0 runs)

AutomatonAnalysis (SVCOMP) statistics
-------------------------------------
Number of states:                                  1
Total time for successor computation:                  0.005s
Automaton transfers with branching:                0
Automaton transfer successors:                     1.00 (sum: 74, count: 74, min: 1, max: 1) [1 x 74]
Number of states with assumption transitions:      0

Constrained Dependency Graph statistics
---------------------------------------
Time for building the nodes of conditional dependence graph:     0.074s
Time for building conditional dependence graph:        0.194s
  Number of dependent node:                               5 (count: 1, min: 5, max: 5, avg: 5.00)
  Number of dependent node pairs:                        14
  Number of un-conditional dependent node pairs:         14
  Number of block:                                        5
  Size of block:                                          5 (sum: 5, min: 1, max: 1, avg: 1.00)

CPA algorithm statistics
------------------------
Number of iterations:            78
Max size of waitlist:            3
Average size of waitlist:        1
ThreadingSortedWaitlist:                           42.00 (sum: 42, count: 1, min: 42, max: 42)
CallstackSortedWaitlist:                           1.17 (sum: 42, count: 36, min: 0, max: 17)
Number of computed successors:   77
Max successors for one state:    2
Number of times merged:          0
Number of times stopped:         0
Number of times breaked:         0

Total time for CPA algorithm:         0.153s (Max:     0.153s)
  Time for choose from waitlist:      0.000s
  Time for precision adjustment:      0.024s
  Time for transfer relation:         0.117s
  Time for stop operator:             0.004s
  Time for adding to reached set:     0.003s

CPAchecker general statistics
-----------------------------
Number of program locations:                       41
Number of CFA edges (per node):                          41 (count: 41, min: 0, max: 2, avg: 1.00)
Number of relevant variables:                      2
Number of functions:                               4
Number of loops (and loop nodes):                         0 (sum: 0, min: 0, max: 0, avg: 0.00)
Size of reached set:             78
  Number of partitions:          48
    Avg size of partitions:      1
    Max size of partitions:      8 (with key [{svp_simple_023_001_main=N13 (after line 138) Function svp_simple_023_001_func_1 called from node N3, stack depth 2 [561b61ed], stack [svp_simple_023_001_main, svp_simple_023_001_func_1] @@ -2147483648 @@ 0}])
  Number of target states:       0

Time for analysis setup:          1.755s
  Time for loading CPAs:          0.355s
  Time for loading parser:        0.325s
  Time for CFA construction:      0.708s
    Time for parsing file(s):     0.432s
    Time for AST to CFA:          0.116s
    Time for CFA sanity check:    0.000s
    Time for post-processing:     0.113s
      Time for function pointers resolving:            0.005s
        Function calls via function pointers:             0 (count: 1, min: 0, max: 0, avg: 0.00)
        Instrumented function pointer calls:              0 (count: 1, min: 0, max: 0, avg: 0.00)
        Function calls with function pointer arguments:        0 (count: 1, min: 0, max: 0, avg: 0.00)
        Instrumented function pointer arguments:          0 (count: 1, min: 0, max: 0, avg: 0.00)
      Time for classifying variables:                  0.047s
        Time for collecting variables:                 0.023s
        Time for solving dependencies:                 0.000s
        Time for building hierarchy:                   0.000s
        Time for building classification:              0.024s
        Time for exporting data:                       0.000s
Time for Analysis:                0.166s
CPU time for analysis:            0.170s
Time for analyzing result:        0.013s
Total time for CPAchecker:        1.922s
Total CPU time for CPAchecker:    1.930s
Time for statistics:              0.087s

Time for Garbage Collector:       0.032s (in 2 runs)
Garbage Collector(s) used:    Copy, MarkSweepCompact

Verification result: TRUE. No property violation found by chosen configuration.
More details about the verification run can be found in the directory "./output".
