scripts/cpa.sh -heap 4096M -benchmark -timelimit 120s -config ./config/myAnalysis-concurrent-interrupt-benchmark.properties -stats -spec ../benchmark-racebench/properties/unreach-call.prp -32 ../benchmark-racebench/2.1_remarks/svp_simple_027_001.i


--------------------------------------------------------------------------------


Running CPAchecker with Java heap of size 4096M.
Running CPAchecker with default stack size (1024k). Specify a larger value with -stack if needed.
Language C detected and set for analysis (CPAMain.detectFrontendLanguageIfNecessary, INFO)

Using the following resource limits: CPU-time limit of 120s (ResourceLimitChecker.fromConfiguration, INFO)

CPAchecker 2.0 / myAnalysis-concurrent-interrupt-benchmark (Java HotSpot(TM) 64-Bit Server VM 11.0.8) started (CPAchecker.run, INFO)

Parsing CFA from file(s) "../benchmark-racebench/2.1_remarks/svp_simple_027_001.i" (CPAchecker.parse, INFO)

Building Constrained Dependency Graph ... (EdgeInfo.<init>, INFO)

Using unsound approximation of ints with unbounded integers and floats with rationals for encoding program semantics. (FormulaManagerView.<init>, WARNING)

Starting analysis ... (CPAchecker.runAlgorithm, INFO)

current state reaches the maximum interrupt nesting level 2 (ThreadingIntpCPA:ThreadingIntpTransferRelation.createInterruptThreads, WARNING)

current state reaches the maximum interrupt nesting level 2 (ThreadingIntpCPA:ThreadingIntpTransferRelation.createInterruptThreads, WARNING)

current state reaches the maximum interrupt nesting level 2 (ThreadingIntpCPA:ThreadingIntpTransferRelation.createInterruptThreads, WARNING)

current state reaches the maximum interrupt nesting level 2 (ThreadingIntpCPA:ThreadingIntpTransferRelation.createInterruptThreads, WARNING)

current state reaches the maximum interrupt nesting level 2 (ThreadingIntpCPA:ThreadingIntpTransferRelation.createInterruptThreads, WARNING)

current state reaches the maximum interrupt nesting level 2 (ThreadingIntpCPA:ThreadingIntpTransferRelation.createInterruptThreads, WARNING)

current state reaches the maximum interrupt nesting level 2 (ThreadingIntpCPA:ThreadingIntpTransferRelation.createInterruptThreads, WARNING)

current state reaches the maximum interrupt nesting level 2 (ThreadingIntpCPA:ThreadingIntpTransferRelation.createInterruptThreads, WARNING)

current state reaches the maximum interrupt nesting level 2 (ThreadingIntpCPA:ThreadingIntpTransferRelation.createInterruptThreads, WARNING)

========================== Verify Result ===========================
explored states: 648
reached set size: 649
total time: 537 ms
=========================== Predicates =============================
====================================================================
Race times:
 
[31m=========================== Conflicts checked =============================
The total number of conflicts is6
RWR conflicts have 0
WRW conflicts have 0
RWW conflicts have 3
WWR conflicts have 3
[0m=========================== 详细状态如下 =============================
 raceRWRSet:
[]
 raceWRWSet:
[]
 raceRWWSet:
[
svp_simple_027_001_gloable_var:

       (svp_simple_027_001_gloable_var,svp_simple_027_001_main, '131, 'R)
       (svp_simple_027_001_gloable_var,svp_simple_027_001_isr_3, '152, 'W)
       (svp_simple_027_001_gloable_var,svp_simple_027_001_main, '132, 'W), 
svp_simple_027_001_gloable_var:

       (svp_simple_027_001_gloable_var,svp_simple_027_001_main, '131, 'R)
       (svp_simple_027_001_gloable_var,svp_simple_027_001_isr_1, '145, 'W)
       (svp_simple_027_001_gloable_var,svp_simple_027_001_main, '132, 'W), 
svp_simple_027_001_gloable_var:

       (svp_simple_027_001_gloable_var,svp_simple_027_001_main, '131, 'R)
       (svp_simple_027_001_gloable_var,svp_simple_027_001_isr_2, '149, 'W)
       (svp_simple_027_001_gloable_var,svp_simple_027_001_main, '132, 'W)]
 raceWWRSet:
[
svp_simple_027_001_gloable_var:

       (svp_simple_027_001_gloable_var,svp_simple_027_001_init, '139, 'W)
       (svp_simple_027_001_gloable_var,svp_simple_027_001_isr_3, '152, 'W)
       (svp_simple_027_001_gloable_var,svp_simple_027_001_main, '131, 'R), 
svp_simple_027_001_gloable_var:

       (svp_simple_027_001_gloable_var,svp_simple_027_001_init, '139, 'W)
       (svp_simple_027_001_gloable_var,svp_simple_027_001_isr_1, '145, 'W)
       (svp_simple_027_001_gloable_var,svp_simple_027_001_main, '131, 'R), 
svp_simple_027_001_gloable_var:

       (svp_simple_027_001_gloable_var,svp_simple_027_001_init, '139, 'W)
       (svp_simple_027_001_gloable_var,svp_simple_027_001_isr_2, '149, 'W)
       (svp_simple_027_001_gloable_var,svp_simple_027_001_main, '131, 'R)]
Stopping analysis ... (CPAchecker.runAlgorithm, INFO)


BDDCPA statistics
-----------------
Number of boolean vars:           1 (of 1)
Number of intEqual vars:          0 (of 0)
Number of intAdd vars:            2 (of 2)
Number of all vars:               3
Number of intBool partitions:     1
Number of intEq partitions:       0
Number of intAdd partitions:      1
Number of all partitions:         2
Number of named predicates:          320
Number of BDD nodes:                               11024
Size of BDD node table:                            207593
Size of BDD cache:                                 20759
Size of BDD node cleanup queue:                    0.00 (sum: 0, count: 55208, min: 0, max: 0)
Time for BDD node cleanup:                             0.015s
Time for BDD garbage collection:                       0.000s (in 0 runs)

AutomatonAnalysis (SVCOMP) statistics
-------------------------------------
Number of states:                                  1
Total time for successor computation:                  0.057s
Automaton transfers with branching:                0
Automaton transfer successors:                     1.00 (sum: 593, count: 593, min: 1, max: 1) [1 x 593]
Number of states with assumption transitions:      0

Constrained Dependency Graph statistics
---------------------------------------
Time for building the nodes of conditional dependence graph:     0.146s
Time for building conditional dependence graph:        0.215s
  Number of dependent node:                               9 (count: 1, min: 9, max: 9, avg: 9.00)
  Number of dependent node pairs:                        39
  Number of un-conditional dependent node pairs:         39
  Number of block:                                        9
  Size of block:                                          9 (sum: 9, min: 1, max: 1, avg: 1.00)

CPA algorithm statistics
------------------------
Number of iterations:            649
Max size of waitlist:            8
Average size of waitlist:        4
ThreadingSortedWaitlist:                           616.00 (sum: 616, count: 1, min: 616, max: 616)
CallstackSortedWaitlist:                           18.67 (sum: 616, count: 33, min: 0, max: 544)
Number of computed successors:   648
Max successors for one state:    4
Number of times merged:          0
Number of times stopped:         0
Number of times breaked:         0

Total time for CPA algorithm:         0.537s (Max:     0.537s)
  Time for choose from waitlist:      0.002s
  Time for precision adjustment:      0.029s
  Time for transfer relation:         0.424s
  Time for stop operator:             0.035s
  Time for adding to reached set:     0.013s

CPAchecker general statistics
-----------------------------
Number of program locations:                       49
Number of CFA edges (per node):                          46 (count: 49, min: 0, max: 2, avg: 0.94)
Number of relevant variables:                      1
Number of functions:                               5
Number of loops (and loop nodes):                         0 (sum: 0, min: 0, max: 0, avg: 0.00)
Size of reached set:             649
  Number of partitions:          117
    Avg size of partitions:      5
    Max size of partitions:      80 (with key [{svp_simple_027_001_main=N6 (before line 135) Function svp_simple_027_001_main called from node N1, stack depth 1 [4a084cf0], stack [svp_simple_027_001_main] @@ -2147483648 @@ 0}])
  Number of target states:       0

Time for analysis setup:          2.122s
  Time for loading CPAs:          0.412s
  Time for loading parser:        0.382s
  Time for CFA construction:      0.904s
    Time for parsing file(s):     0.538s
    Time for AST to CFA:          0.199s
    Time for CFA sanity check:    0.001s
    Time for post-processing:     0.095s
      Time for function pointers resolving:            0.004s
        Function calls via function pointers:             0 (count: 1, min: 0, max: 0, avg: 0.00)
        Instrumented function pointer calls:              0 (count: 1, min: 0, max: 0, avg: 0.00)
        Function calls with function pointer arguments:        0 (count: 1, min: 0, max: 0, avg: 0.00)
        Instrumented function pointer arguments:          0 (count: 1, min: 0, max: 0, avg: 0.00)
      Time for classifying variables:                  0.049s
        Time for collecting variables:                 0.022s
        Time for solving dependencies:                 0.000s
        Time for building hierarchy:                   0.000s
        Time for building classification:              0.027s
        Time for exporting data:                       0.000s
Time for Analysis:                0.562s
CPU time for analysis:            0.560s
Time for analyzing result:        0.004s
Total time for CPAchecker:        2.685s
Total CPU time for CPAchecker:    2.680s
Time for statistics:              0.127s

Time for Garbage Collector:       0.058s (in 3 runs)
Garbage Collector(s) used:    Copy, MarkSweepCompact

Verification result: TRUE. No property violation found by chosen configuration.
More details about the verification run can be found in the directory "./output".
