scripts/cpa.sh -heap 4096M -benchmark -timelimit 120s -config ./config/myAnalysis-concurrent-interrupt-benchmark.properties -stats -spec ../benchmark-racebench/properties/unreach-call.prp -32 ../benchmark-racebench/2.1_remarks/svp_simple_003_001.i


--------------------------------------------------------------------------------


Running CPAchecker with Java heap of size 4096M.
Running CPAchecker with default stack size (1024k). Specify a larger value with -stack if needed.
Language C detected and set for analysis (CPAMain.detectFrontendLanguageIfNecessary, INFO)

Using the following resource limits: CPU-time limit of 120s (ResourceLimitChecker.fromConfiguration, INFO)

CPAchecker 2.0 / myAnalysis-concurrent-interrupt-benchmark (Java HotSpot(TM) 64-Bit Server VM 11.0.8) started (CPAchecker.run, INFO)

Parsing CFA from file(s) "../benchmark-racebench/2.1_remarks/svp_simple_003_001.i" (CPAchecker.parse, INFO)

Building Constrained Dependency Graph ... (EdgeInfo.<init>, INFO)

Using unsound approximation of ints with unbounded integers and floats with rationals for encoding program semantics. (FormulaManagerView.<init>, WARNING)

Starting analysis ... (CPAchecker.runAlgorithm, INFO)

========================== Verify Result ===========================
explored states: 494
reached set size: 495
total time: 504 ms
=========================== Predicates =============================
====================================================================
Race times:
 
[31m=========================== Conflicts checked =============================
The total number of conflicts is1
RWR conflicts have 1
WRW conflicts have 0
RWW conflicts have 0
WWR conflicts have 0
[0m=========================== 详细状态如下 =============================
 raceRWRSet:
[
svp_simple_003_001_global_var1:

       (svp_simple_003_001_global_var1,svp_simple_003_001_main, '140, 'R)
       (svp_simple_003_001_global_var1,svp_simple_003_001_isr_1, '155, 'W)
       (svp_simple_003_001_global_var1,svp_simple_003_001_main, '145, 'R)]
 raceWRWSet:
[]
 raceRWWSet:
[]
 raceWWRSet:
[]
Stopping analysis ... (CPAchecker.runAlgorithm, INFO)


BDDCPA statistics
-----------------
Number of boolean vars:           0 (of 0)
Number of intEqual vars:          8 (of 8)
Number of intAdd vars:            4 (of 4)
Number of all vars:               12
Number of intBool partitions:     0
Number of intEq partitions:       4
Number of intAdd partitions:      4
Number of all partitions:         8
Number of named predicates:          1280
Number of BDD nodes:                               39287
Size of BDD node table:                            207593
Size of BDD cache:                                 20759
Size of BDD node cleanup queue:                    0.00 (sum: 0, count: 110356, min: 0, max: 0)
Time for BDD node cleanup:                             0.013s
Time for BDD garbage collection:                       0.000s (in 0 runs)

AutomatonAnalysis (SVCOMP) statistics
-------------------------------------
Number of states:                                  1
Total time for successor computation:                  0.009s
Automaton transfers with branching:                0
Automaton transfer successors:                     1.00 (sum: 485, count: 485, min: 1, max: 1) [1 x 485]
Number of states with assumption transitions:      0

Constrained Dependency Graph statistics
---------------------------------------
Time for building the nodes of conditional dependence graph:     0.076s
Time for building conditional dependence graph:        0.205s
  Number of dependent node:                              16 (count: 1, min: 16, max: 16, avg: 16.00)
  Number of dependent node pairs:                        29
  Number of un-conditional dependent node pairs:         29
  Number of block:                                       16
  Size of block:                                         16 (sum: 16, min: 1, max: 1, avg: 1.00)

CPA algorithm statistics
------------------------
Number of iterations:            495
Max size of waitlist:            3
Average size of waitlist:        2
ThreadingSortedWaitlist:                           363.00 (sum: 363, count: 1, min: 363, max: 363)
CallstackSortedWaitlist:                           2.75 (sum: 363, count: 132, min: 0, max: 176)
Number of computed successors:   494
Max successors for one state:    2
Number of times merged:          0
Number of times stopped:         0
Number of times breaked:         0

Total time for CPA algorithm:         0.504s (Max:     0.504s)
  Time for choose from waitlist:      0.005s
  Time for precision adjustment:      0.025s
  Time for transfer relation:         0.405s
  Time for stop operator:             0.039s
  Time for adding to reached set:     0.013s

CPAchecker general statistics
-----------------------------
Number of program locations:                       82
Number of CFA edges (per node):                          89 (count: 82, min: 0, max: 2, avg: 1.09)
Number of relevant variables:                      6
Number of functions:                               3
Number of loops (and loop nodes):                         4 (sum: 24, min: 6, max: 6, avg: 6.00)
Size of reached set:             495
  Number of partitions:          118
    Avg size of partitions:      4
    Max size of partitions:      54 (with key [{svp_simple_003_001_main=N37 (before line 143) Function svp_simple_003_001_main called from node N1, stack depth 1 [a16f80e], stack [svp_simple_003_001_main] @@ -2147483648 @@ 0}])
  Number of target states:       0

Time for analysis setup:          1.777s
  Time for loading CPAs:          0.363s
  Time for loading parser:        0.299s
  Time for CFA construction:      0.748s
    Time for parsing file(s):     0.402s
    Time for AST to CFA:          0.175s
    Time for CFA sanity check:    0.001s
    Time for post-processing:     0.107s
      Time for function pointers resolving:            0.020s
        Function calls via function pointers:             0 (count: 1, min: 0, max: 0, avg: 0.00)
        Instrumented function pointer calls:              0 (count: 1, min: 0, max: 0, avg: 0.00)
        Function calls with function pointer arguments:        0 (count: 1, min: 0, max: 0, avg: 0.00)
        Instrumented function pointer arguments:          0 (count: 1, min: 0, max: 0, avg: 0.00)
      Time for classifying variables:                  0.056s
        Time for collecting variables:                 0.028s
        Time for solving dependencies:                 0.001s
        Time for building hierarchy:                   0.000s
        Time for building classification:              0.027s
        Time for exporting data:                       0.000s
Time for Analysis:                0.528s
CPU time for analysis:            0.530s
Time for analyzing result:        0.002s
Total time for CPAchecker:        2.305s
Total CPU time for CPAchecker:    2.310s
Time for statistics:              0.101s

Time for Garbage Collector:       0.068s (in 3 runs)
Garbage Collector(s) used:    Copy, MarkSweepCompact

Verification result: TRUE. No property violation found by chosen configuration.
More details about the verification run can be found in the directory "./output".
