scripts/cpa.sh -heap 4096M -benchmark -timelimit 120s -config ./config/myAnalysis-concurrent-interrupt-benchmark.properties -stats -spec ../benchmark-racebench/properties/unreach-call.prp -32 ../benchmark-racebench/2.1_remarks/svp_simple_020_001.i


--------------------------------------------------------------------------------


Running CPAchecker with Java heap of size 4096M.
Running CPAchecker with default stack size (1024k). Specify a larger value with -stack if needed.
Language C detected and set for analysis (CPAMain.detectFrontendLanguageIfNecessary, INFO)

Using the following resource limits: CPU-time limit of 120s (ResourceLimitChecker.fromConfiguration, INFO)

CPAchecker 2.0 / myAnalysis-concurrent-interrupt-benchmark (Java HotSpot(TM) 64-Bit Server VM 11.0.8) started (CPAchecker.run, INFO)

Parsing CFA from file(s) "../benchmark-racebench/2.1_remarks/svp_simple_020_001.i" (CPAchecker.parse, INFO)

Building Constrained Dependency Graph ... (EdgeInfo.<init>, INFO)

Using unsound approximation of ints with unbounded integers and floats with rationals for encoding program semantics. (FormulaManagerView.<init>, WARNING)

Starting analysis ... (CPAchecker.runAlgorithm, INFO)

========================== Verify Result ===========================
explored states: 255
reached set size: 256
total time: 451 ms
=========================== Predicates =============================
====================================================================
Race times:
 
[31m=========================== Conflicts checked =============================
The total number of conflicts is3
RWR conflicts have 3
WRW conflicts have 0
RWW conflicts have 0
WWR conflicts have 0
[0m=========================== 详细状态如下 =============================
 raceRWRSet:
[
svp_simple_020_001_global_para:

       (svp_simple_020_001_global_para,svp_simple_020_001_main, '126, 'R)
       (svp_simple_020_001_global_para,svp_simple_020_001_isr_2, '142, 'W)
       (svp_simple_020_001_global_para,svp_simple_020_001_main, '129, 'R), 
svp_simple_020_001_global_var:

       (svp_simple_020_001_global_var,svp_simple_020_001_main, '127, 'R)
       (svp_simple_020_001_global_var,svp_simple_020_001_isr_2, '143, 'W)
       (svp_simple_020_001_global_var,svp_simple_020_001_main, '130, 'R), 
svp_simple_020_001_global_var:

       (svp_simple_020_001_global_var,svp_simple_020_001_main, '127, 'R)
       (svp_simple_020_001_global_var,svp_simple_020_001_isr_1, '134, 'W)
       (svp_simple_020_001_global_var,svp_simple_020_001_main, '130, 'R)]
 raceWRWSet:
[]
 raceRWWSet:
[]
 raceWWRSet:
[]
Stopping analysis ... (CPAchecker.runAlgorithm, INFO)


BDDCPA statistics
-----------------
Number of boolean vars:           0 (of 0)
Number of intEqual vars:          4 (of 4)
Number of intAdd vars:            3 (of 3)
Number of all vars:               7
Number of intBool partitions:     0
Number of intEq partitions:       2
Number of intAdd partitions:      1
Number of all partitions:         3
Number of named predicates:          640
Number of BDD nodes:                               63227
Size of BDD node table:                            207593
Size of BDD cache:                                 20759
Size of BDD node cleanup queue:                    0.00 (sum: 0, count: 27409, min: 0, max: 0)
Time for BDD node cleanup:                             0.008s
Time for BDD garbage collection:                       0.000s (in 0 runs)

AutomatonAnalysis (SVCOMP) statistics
-------------------------------------
Number of states:                                  1
Total time for successor computation:                  0.006s
Automaton transfers with branching:                0
Automaton transfer successors:                     1.00 (sum: 231, count: 231, min: 1, max: 1) [1 x 231]
Number of states with assumption transitions:      0

Constrained Dependency Graph statistics
---------------------------------------
Time for building the nodes of conditional dependence graph:     0.077s
Time for building conditional dependence graph:        0.192s
  Number of dependent node:                              15 (count: 1, min: 15, max: 15, avg: 15.00)
  Number of dependent node pairs:                        30
  Number of un-conditional dependent node pairs:         30
  Number of block:                                       15
  Size of block:                                         15 (sum: 15, min: 1, max: 1, avg: 1.00)

CPA algorithm statistics
------------------------
Number of iterations:            256
Max size of waitlist:            7
Average size of waitlist:        3
ThreadingSortedWaitlist:                           217.00 (sum: 217, count: 1, min: 217, max: 217)
CallstackSortedWaitlist:                           5.56 (sum: 217, count: 39, min: 0, max: 171)
Number of computed successors:   255
Max successors for one state:    4
Number of times merged:          0
Number of times stopped:         0
Number of times breaked:         0

Total time for CPA algorithm:         0.451s (Max:     0.451s)
  Time for choose from waitlist:      0.002s
  Time for precision adjustment:      0.017s
  Time for transfer relation:         0.347s
  Time for stop operator:             0.044s
  Time for adding to reached set:     0.015s

CPAchecker general statistics
-----------------------------
Number of program locations:                       50
Number of CFA edges (per node):                          50 (count: 50, min: 0, max: 2, avg: 1.00)
Number of relevant variables:                      4
Number of functions:                               3
Number of loops (and loop nodes):                         0 (sum: 0, min: 0, max: 0, avg: 0.00)
Size of reached set:             256
  Number of partitions:          163
    Avg size of partitions:      1
    Max size of partitions:      25 (with key [{svp_simple_020_001_main=N14 (after line 129) Function svp_simple_020_001_main called from node N1, stack depth 1 [6c2d124e], stack [svp_simple_020_001_main] @@ -2147483648 @@ 0}])
  Number of target states:       0

Time for analysis setup:          1.782s
  Time for loading CPAs:          0.421s
  Time for loading parser:        0.298s
  Time for CFA construction:      0.725s
    Time for parsing file(s):     0.425s
    Time for AST to CFA:          0.139s
    Time for CFA sanity check:    0.000s
    Time for post-processing:     0.099s
      Time for function pointers resolving:            0.004s
        Function calls via function pointers:             0 (count: 1, min: 0, max: 0, avg: 0.00)
        Instrumented function pointer calls:              0 (count: 1, min: 0, max: 0, avg: 0.00)
        Function calls with function pointer arguments:        0 (count: 1, min: 0, max: 0, avg: 0.00)
        Instrumented function pointer arguments:          0 (count: 1, min: 0, max: 0, avg: 0.00)
      Time for classifying variables:                  0.050s
        Time for collecting variables:                 0.029s
        Time for solving dependencies:                 0.000s
        Time for building hierarchy:                   0.000s
        Time for building classification:              0.021s
        Time for exporting data:                       0.000s
Time for Analysis:                0.476s
CPU time for analysis:            0.470s
Time for analyzing result:        0.001s
Total time for CPAchecker:        2.259s
Total CPU time for CPAchecker:    2.250s
Time for statistics:              0.095s

Time for Garbage Collector:       0.032s (in 2 runs)
Garbage Collector(s) used:    Copy, MarkSweepCompact

Verification result: TRUE. No property violation found by chosen configuration.
More details about the verification run can be found in the directory "./output".
