scripts/cpa.sh -heap 4096M -benchmark -timelimit 120s -config ./config/myAnalysis-concurrent-interrupt-benchmark.properties -stats -spec ../benchmark-racebench/properties/unreach-call.prp -32 ../benchmark-racebench/2.1_remarks/svp_simple_015_001.i


--------------------------------------------------------------------------------


Running CPAchecker with Java heap of size 4096M.
Running CPAchecker with default stack size (1024k). Specify a larger value with -stack if needed.
Language C detected and set for analysis (CPAMain.detectFrontendLanguageIfNecessary, INFO)

Using the following resource limits: CPU-time limit of 120s (ResourceLimitChecker.fromConfiguration, INFO)

CPAchecker 2.0 / myAnalysis-concurrent-interrupt-benchmark (Java HotSpot(TM) 64-Bit Server VM 11.0.8) started (CPAchecker.run, INFO)

Parsing CFA from file(s) "../benchmark-racebench/2.1_remarks/svp_simple_015_001.i" (CPAchecker.parse, INFO)

Building Constrained Dependency Graph ... (EdgeInfo.<init>, INFO)

Using unsound approximation of ints with unbounded integers and floats with rationals for encoding program semantics. (FormulaManagerView.<init>, WARNING)

Starting analysis ... (CPAchecker.runAlgorithm, INFO)

========================== Verify Result ===========================
explored states: 95
reached set size: 96
total time: 211 ms
=========================== Predicates =============================
====================================================================
Race times:
 
[31m=========================== Conflicts checked =============================
The total number of conflicts is1
RWR conflicts have 1
WRW conflicts have 0
RWW conflicts have 0
WWR conflicts have 0
[0m=========================== 详细状态如下 =============================
 raceRWRSet:
[
svp_simple_015_001_global_var1:

       (svp_simple_015_001_global_var1,svp_simple_015_001_main, '120, 'R)
       (svp_simple_015_001_global_var1,svp_simple_015_001_isr_1, '129, 'W)
       (svp_simple_015_001_global_var1,svp_simple_015_001_main, '121, 'R)]
 raceWRWSet:
[]
 raceRWWSet:
[]
 raceWWRSet:
[]
Stopping analysis ... (CPAchecker.runAlgorithm, INFO)


BDDCPA statistics
-----------------
Number of boolean vars:           0 (of 0)
Number of intEqual vars:          2 (of 2)
Number of intAdd vars:            4 (of 4)
Number of all vars:               6
Number of intBool partitions:     0
Number of intEq partitions:       2
Number of intAdd partitions:      1
Number of all partitions:         3
Number of named predicates:          576
Number of BDD nodes:                               33881
Size of BDD node table:                            207593
Size of BDD cache:                                 20759
Size of BDD node cleanup queue:                    0.00 (sum: 0, count: 7179, min: 0, max: 0)
Time for BDD node cleanup:                             0.005s
Time for BDD garbage collection:                       0.000s (in 0 runs)

AutomatonAnalysis (SVCOMP) statistics
-------------------------------------
Number of states:                                  1
Total time for successor computation:                  0.018s
Automaton transfers with branching:                0
Automaton transfer successors:                     1.00 (sum: 91, count: 91, min: 1, max: 1) [1 x 91]
Number of states with assumption transitions:      0

Constrained Dependency Graph statistics
---------------------------------------
Time for building the nodes of conditional dependence graph:     0.083s
Time for building conditional dependence graph:        0.178s
  Number of dependent node:                               8 (count: 1, min: 8, max: 8, avg: 8.00)
  Number of dependent node pairs:                        14
  Number of un-conditional dependent node pairs:         14
  Number of block:                                        8
  Size of block:                                          8 (sum: 8, min: 1, max: 1, avg: 1.00)

CPA algorithm statistics
------------------------
Number of iterations:            96
Max size of waitlist:            6
Average size of waitlist:        2
ThreadingSortedWaitlist:                           57.00 (sum: 57, count: 1, min: 57, max: 57)
CallstackSortedWaitlist:                           1.46 (sum: 57, count: 39, min: 0, max: 50)
Number of computed successors:   95
Max successors for one state:    4
Number of times merged:          0
Number of times stopped:         0
Number of times breaked:         0

Total time for CPA algorithm:         0.211s (Max:     0.211s)
  Time for choose from waitlist:      0.002s
  Time for precision adjustment:      0.028s
  Time for transfer relation:         0.151s
  Time for stop operator:             0.013s
  Time for adding to reached set:     0.016s

CPAchecker general statistics
-----------------------------
Number of program locations:                       42
Number of CFA edges (per node):                          43 (count: 42, min: 0, max: 2, avg: 1.02)
Number of relevant variables:                      4
Number of functions:                               2
Number of loops (and loop nodes):                         0 (sum: 0, min: 0, max: 0, avg: 0.00)
Size of reached set:             96
  Number of partitions:          53
    Avg size of partitions:      1
    Max size of partitions:      16 (with key [{svp_simple_015_001_main=N17 (after line 124) Function svp_simple_015_001_main called from node N1, stack depth 1 [75aea2ba], stack [svp_simple_015_001_main] @@ -2147483648 @@ 0}])
  Number of target states:       0

Time for analysis setup:          1.704s
  Time for loading CPAs:          0.367s
  Time for loading parser:        0.297s
  Time for CFA construction:      0.695s
    Time for parsing file(s):     0.415s
    Time for AST to CFA:          0.143s
    Time for CFA sanity check:    0.001s
    Time for post-processing:     0.090s
      Time for function pointers resolving:            0.002s
        Function calls via function pointers:             0 (count: 1, min: 0, max: 0, avg: 0.00)
        Instrumented function pointer calls:              0 (count: 1, min: 0, max: 0, avg: 0.00)
        Function calls with function pointer arguments:        0 (count: 1, min: 0, max: 0, avg: 0.00)
        Instrumented function pointer arguments:          0 (count: 1, min: 0, max: 0, avg: 0.00)
      Time for classifying variables:                  0.051s
        Time for collecting variables:                 0.018s
        Time for solving dependencies:                 0.000s
        Time for building hierarchy:                   0.000s
        Time for building classification:              0.033s
        Time for exporting data:                       0.000s
Time for Analysis:                0.225s
CPU time for analysis:            0.220s
Time for analyzing result:        0.002s
Total time for CPAchecker:        1.930s
Total CPU time for CPAchecker:    1.930s
Time for statistics:              0.095s

Time for Garbage Collector:       0.030s (in 2 runs)
Garbage Collector(s) used:    Copy, MarkSweepCompact

Verification result: TRUE. No property violation found by chosen configuration.
More details about the verification run can be found in the directory "./output".
