scripts/cpa.sh -heap 4096M -benchmark -timelimit 120s -config ./config/myAnalysis-concurrent-interrupt-benchmark.properties -stats -spec ../benchmark-racebench/properties/unreach-call.prp -32 ../benchmark-racebench/2.1_remarks/svp_simple_030_001.i


--------------------------------------------------------------------------------


Running CPAchecker with Java heap of size 4096M.
Running CPAchecker with default stack size (1024k). Specify a larger value with -stack if needed.
Language C detected and set for analysis (CPAMain.detectFrontendLanguageIfNecessary, INFO)

Using the following resource limits: CPU-time limit of 120s (ResourceLimitChecker.fromConfiguration, INFO)

CPAchecker 2.0 / myAnalysis-concurrent-interrupt-benchmark (Java HotSpot(TM) 64-Bit Server VM 11.0.8) started (CPAchecker.run, INFO)

Parsing CFA from file(s) "../benchmark-racebench/2.1_remarks/svp_simple_030_001.i" (CPAchecker.parse, INFO)

Building Constrained Dependency Graph ... (EdgeInfo.<init>, INFO)

Using unsound approximation of ints with unbounded integers and floats with rationals for encoding program semantics. (FormulaManagerView.<init>, WARNING)

The priority file '../benchmark-racebench/2.1_remarks/svp_simple_030_001__priority.txt' for interruption does not exist! (ThreadingIntpCPA:ThreadingIntpTransferRelation.parseInterruptPriorityFile, WARNING)

Starting analysis ... (CPAchecker.runAlgorithm, INFO)

========================== Verify Result ===========================
explored states: 36
reached set size: 37
total time: 92 ms
=========================== Predicates =============================
====================================================================
Race times:
 
[31m=========================== Conflicts checked =============================
The total number of conflicts is0
RWR conflicts have 0
WRW conflicts have 0
RWW conflicts have 0
WWR conflicts have 0
[0m=========================== 详细状态如下 =============================
 raceRWRSet:
[]
 raceWRWSet:
[]
 raceRWWSet:
[]
 raceWWRSet:
[]
Stopping analysis ... (CPAchecker.runAlgorithm, INFO)


BDDCPA statistics
-----------------
Number of boolean vars:           2 (of 2)
Number of intEqual vars:          0 (of 0)
Number of intAdd vars:            1 (of 4)
Number of all vars:               3
Number of intBool partitions:     2
Number of intEq partitions:       0
Number of intAdd partitions:      1
Number of all partitions:         3
Number of named predicates:          576
Number of BDD nodes:                               6566
Size of BDD node table:                            207593
Size of BDD cache:                                 20759
Size of BDD node cleanup queue:                    0.00 (sum: 0, count: 1303, min: 0, max: 0)
Time for BDD node cleanup:                             0.002s
Time for BDD garbage collection:                       0.000s (in 0 runs)

AutomatonAnalysis (SVCOMP) statistics
-------------------------------------
Number of states:                                  1
Total time for successor computation:                  0.010s
Automaton transfers with branching:                0
Automaton transfer successors:                     1.00 (sum: 36, count: 36, min: 1, max: 1) [1 x 36]
Number of states with assumption transitions:      0

Constrained Dependency Graph statistics
---------------------------------------
Time for building the nodes of conditional dependence graph:     0.095s
Time for building conditional dependence graph:        0.196s
  Number of dependent node:                              16 (count: 1, min: 16, max: 16, avg: 16.00)
  Number of dependent node pairs:                        63
  Number of un-conditional dependent node pairs:         63
  Number of block:                                       16
  Size of block:                                         16 (sum: 16, min: 1, max: 1, avg: 1.00)

CPA algorithm statistics
------------------------
Number of iterations:            37
Max size of waitlist:            2
Average size of waitlist:        1
ThreadingSortedWaitlist:                           1.00 (sum: 1, count: 1, min: 1, max: 1)
CallstackSortedWaitlist:                           0.03 (sum: 1, count: 36, min: 0, max: 1)
Number of computed successors:   36
Max successors for one state:    2
Number of times merged:          0
Number of times stopped:         0
Number of times breaked:         0

Total time for CPA algorithm:         0.092s (Max:     0.092s)
  Time for choose from waitlist:      0.000s
  Time for precision adjustment:      0.003s
  Time for transfer relation:         0.085s
  Time for stop operator:             0.000s
  Time for adding to reached set:     0.003s

CPAchecker general statistics
-----------------------------
Number of program locations:                       63
Number of CFA edges (per node):                          61 (count: 63, min: 0, max: 2, avg: 0.97)
Number of relevant variables:                      2
Number of functions:                               6
Number of loops (and loop nodes):                         0 (sum: 0, min: 0, max: 0, avg: 0.00)
Size of reached set:             37
  Number of partitions:          36
    Avg size of partitions:      1
    Max size of partitions:      2 (with key [{svp_simple_030_001__main=N6 (before line 136) Function svp_simple_030_001__main called from node N1, stack depth 1 [2b56f5f8], stack [svp_simple_030_001__main] @@ -2147483648 @@ 0}])
  Number of target states:       0

Time for analysis setup:          1.714s
  Time for loading CPAs:          0.350s
  Time for loading parser:        0.287s
  Time for CFA construction:      0.709s
    Time for parsing file(s):     0.408s
    Time for AST to CFA:          0.154s
    Time for CFA sanity check:    0.000s
    Time for post-processing:     0.096s
      Time for function pointers resolving:            0.003s
        Function calls via function pointers:             0 (count: 1, min: 0, max: 0, avg: 0.00)
        Instrumented function pointer calls:              0 (count: 1, min: 0, max: 0, avg: 0.00)
        Function calls with function pointer arguments:        0 (count: 1, min: 0, max: 0, avg: 0.00)
        Instrumented function pointer arguments:          0 (count: 1, min: 0, max: 0, avg: 0.00)
      Time for classifying variables:                  0.049s
        Time for collecting variables:                 0.027s
        Time for solving dependencies:                 0.000s
        Time for building hierarchy:                   0.000s
        Time for building classification:              0.022s
        Time for exporting data:                       0.000s
Time for Analysis:                0.105s
CPU time for analysis:            0.100s
Time for analyzing result:        0.000s
Total time for CPAchecker:        1.820s
Total CPU time for CPAchecker:    1.820s
Time for statistics:              0.090s

Time for Garbage Collector:       0.030s (in 2 runs)
Garbage Collector(s) used:    Copy, MarkSweepCompact

Verification result: TRUE. No property violation found by chosen configuration.
More details about the verification run can be found in the directory "./output".
