scripts/cpa.sh -heap 4096M -benchmark -timelimit 120s -config ./config/myAnalysis-concurrent-interrupt-benchmark.properties -stats -spec ../benchmark-racebench/properties/unreach-call.prp -32 ../benchmark-racebench/2.1_remarks/svp_simple_007_001.i


--------------------------------------------------------------------------------


Running CPAchecker with Java heap of size 4096M.
Running CPAchecker with default stack size (1024k). Specify a larger value with -stack if needed.
Language C detected and set for analysis (CPAMain.detectFrontendLanguageIfNecessary, INFO)

Using the following resource limits: CPU-time limit of 120s (ResourceLimitChecker.fromConfiguration, INFO)

CPAchecker 2.0 / myAnalysis-concurrent-interrupt-benchmark (Java HotSpot(TM) 64-Bit Server VM 11.0.8) started (CPAchecker.run, INFO)

Parsing CFA from file(s) "../benchmark-racebench/2.1_remarks/svp_simple_007_001.i" (CPAchecker.parse, INFO)

Building Constrained Dependency Graph ... (EdgeInfo.<init>, INFO)

Using unsound approximation of ints with unbounded integers and floats with rationals for encoding program semantics. (FormulaManagerView.<init>, WARNING)

Starting analysis ... (CPAchecker.runAlgorithm, INFO)

Error: Unsupported feature (BDD-analysis does not support arrays: svp_simple_007_001_global_array[svp_simple_007_001_global_var]) (BDDVectorCExpressionVisitor.visit, SEVERE)


BDDCPA statistics
-----------------
Number of boolean vars:           0 (of 0)
Number of intEqual vars:          0 (of 1)
Number of intAdd vars:            1 (of 1)
Number of all vars:               1
Number of intBool partitions:     0
Number of intEq partitions:       1
Number of intAdd partitions:      1
Number of all partitions:         9
Number of named predicates:          1152
Number of BDD nodes:                               4988
Size of BDD node table:                            207593
Size of BDD cache:                                 20759
Size of BDD node cleanup queue:                    0.00 (sum: 0, count: 1350, min: 0, max: 0)
Time for BDD node cleanup:                             0.005s
Time for BDD garbage collection:                       0.000s (in 0 runs)

AutomatonAnalysis (SVCOMP) statistics
-------------------------------------
Number of states:                                  1
Total time for successor computation:                  0.001s
Automaton transfers with branching:                0
Automaton transfer successors:                     1.00 (sum: 24, count: 24, min: 1, max: 1) [1 x 24]
Number of states with assumption transitions:      0

Constrained Dependency Graph statistics
---------------------------------------
Time for building the nodes of conditional dependence graph:     0.064s
Time for building conditional dependence graph:        0.191s
  Number of dependent node:                              10 (count: 1, min: 10, max: 10, avg: 10.00)
  Number of dependent node pairs:                        42
  Number of un-conditional dependent node pairs:         42
  Number of block:                                       11
  Size of block:                                         11 (sum: 11, min: 1, max: 1, avg: 1.00)

CPA algorithm statistics
------------------------
Number of iterations:            24
Max size of waitlist:            2
Average size of waitlist:        1
ThreadingSortedWaitlist:                           1.00 (sum: 1, count: 1, min: 1, max: 1)
CallstackSortedWaitlist:                           0.00 (sum: 0, count: 23, min: 0, max: 0)
Number of computed successors:   24
Max successors for one state:    2
Number of times merged:          0
Number of times stopped:         0
Number of times breaked:         0

Total time for CPA algorithm:         0.069s (Max:     0.069s)
  Time for choose from waitlist:      0.000s
  Time for precision adjustment:      0.001s
  Time for transfer relation:         0.049s
  Time for stop operator:             0.001s
  Time for adding to reached set:     0.018s

CPAchecker general statistics
-----------------------------
Number of program locations:                       41
Number of CFA edges (per node):                          40 (count: 41, min: 0, max: 2, avg: 0.98)
Number of relevant variables:                      1
Number of functions:                               2
Number of loops (and loop nodes):                         0 (sum: 0, min: 0, max: 0, avg: 0.00)
Size of reached set:             25
  Number of partitions:          25
    Avg size of partitions:      1
    Max size of partitions:      1
  Number of target states:       0
  Size of final wait list:       2

Time for analysis setup:          1.701s
  Time for loading CPAs:          0.343s
  Time for loading parser:        0.307s
  Time for CFA construction:      0.734s
    Time for parsing file(s):     0.418s
    Time for AST to CFA:          0.155s
    Time for CFA sanity check:    0.000s
    Time for post-processing:     0.113s
      Time for function pointers resolving:            0.002s
        Function calls via function pointers:             0 (count: 1, min: 0, max: 0, avg: 0.00)
        Instrumented function pointer calls:              0 (count: 1, min: 0, max: 0, avg: 0.00)
        Function calls with function pointer arguments:        0 (count: 1, min: 0, max: 0, avg: 0.00)
        Instrumented function pointer arguments:          0 (count: 1, min: 0, max: 0, avg: 0.00)
      Time for classifying variables:                  0.063s
        Time for collecting variables:                 0.029s
        Time for solving dependencies:                 0.002s
        Time for building hierarchy:                   0.000s
        Time for building classification:              0.032s
        Time for exporting data:                       0.000s
Time for Analysis:                0.070s
CPU time for analysis:            0.070s
Total time for CPAchecker:        1.772s
Total CPU time for CPAchecker:    1.770s
Time for statistics:              0.068s

Time for Garbage Collector:       0.032s (in 2 runs)
Garbage Collector(s) used:    Copy, MarkSweepCompact

Verification result: UNKNOWN, incomplete analysis.
More details about the verification run can be found in the directory "./output".
