scripts/cpa.sh -heap 4096M -benchmark -timelimit 120s -config ./config/myAnalysis-concurrent-interrupt-benchmark.properties -stats -spec ../benchmark-racebench/properties/unreach-call.prp -32 ../benchmark-racebench/2.1_remarks/svp_simple_001_001.i


--------------------------------------------------------------------------------


Running CPAchecker with Java heap of size 4096M.
Running CPAchecker with default stack size (1024k). Specify a larger value with -stack if needed.
Language C detected and set for analysis (CPAMain.detectFrontendLanguageIfNecessary, INFO)

Using the following resource limits: CPU-time limit of 120s (ResourceLimitChecker.fromConfiguration, INFO)

CPAchecker 2.0 / myAnalysis-concurrent-interrupt-benchmark (Java HotSpot(TM) 64-Bit Server VM 11.0.8) started (CPAchecker.run, INFO)

Parsing CFA from file(s) "../benchmark-racebench/2.1_remarks/svp_simple_001_001.i" (CPAchecker.parse, INFO)

Building Constrained Dependency Graph ... (EdgeInfo.<init>, INFO)

Using unsound approximation of ints with unbounded integers and floats with rationals for encoding program semantics. (FormulaManagerView.<init>, WARNING)

Starting analysis ... (CPAchecker.runAlgorithm, INFO)

Error: Unsupported feature (BDD-analysis does not support arrays: svp_simple_001_001_global_array[4]) (BDDVectorCExpressionVisitor.visit, SEVERE)


BDDCPA statistics
-----------------
Number of boolean vars:           0 (of 0)
Number of intEqual vars:          2 (of 3)
Number of intAdd vars:            1 (of 2)
Number of all vars:               3
Number of intBool partitions:     0
Number of intEq partitions:       2
Number of intAdd partitions:      2
Number of all partitions:         9
Number of named predicates:          1216
Number of BDD nodes:                               6006
Size of BDD node table:                            207593
Size of BDD cache:                                 20759
Size of BDD node cleanup queue:                    0.00 (sum: 0, count: 1985, min: 0, max: 0)
Time for BDD node cleanup:                             0.004s
Time for BDD garbage collection:                       0.000s (in 0 runs)

AutomatonAnalysis (SVCOMP) statistics
-------------------------------------
Number of states:                                  1
Total time for successor computation:                  0.002s
Automaton transfers with branching:                0
Automaton transfer successors:                     1.00 (sum: 38, count: 38, min: 1, max: 1) [1 x 38]
Number of states with assumption transitions:      0

Constrained Dependency Graph statistics
---------------------------------------
Time for building the nodes of conditional dependence graph:     0.088s
Time for building conditional dependence graph:        0.199s
  Number of dependent node:                              14 (count: 1, min: 14, max: 14, avg: 14.00)
  Number of dependent node pairs:                        31
  Number of un-conditional dependent node pairs:         31
  Number of block:                                       16
  Size of block:                                         16 (sum: 16, min: 1, max: 1, avg: 1.00)

CPA algorithm statistics
------------------------
Number of iterations:            39
Max size of waitlist:            3
Average size of waitlist:        1
ThreadingSortedWaitlist:                           11.00 (sum: 11, count: 1, min: 11, max: 11)
CallstackSortedWaitlist:                           0.00 (sum: 0, count: 28, min: 0, max: 0)
Number of computed successors:   40
Max successors for one state:    2
Number of times merged:          0
Number of times stopped:         0
Number of times breaked:         0

Total time for CPA algorithm:         0.080s (Max:     0.080s)
  Time for choose from waitlist:      0.000s
  Time for precision adjustment:      0.002s
  Time for transfer relation:         0.073s
  Time for stop operator:             0.001s
  Time for adding to reached set:     0.003s

CPAchecker general statistics
-----------------------------
Number of program locations:                       62
Number of CFA edges (per node):                          63 (count: 62, min: 0, max: 2, avg: 1.02)
Number of relevant variables:                      3
Number of functions:                               3
Number of loops (and loop nodes):                         2 (sum: 10, min: 4, max: 6, avg: 5.00)
Size of reached set:             41
  Number of partitions:          41
    Avg size of partitions:      1
    Max size of partitions:      1
  Number of target states:       0
  Size of final wait list:       3

Time for analysis setup:          1.883s
  Time for loading CPAs:          0.356s
  Time for loading parser:        0.297s
  Time for CFA construction:      0.854s
    Time for parsing file(s):     0.508s
    Time for AST to CFA:          0.182s
    Time for CFA sanity check:    0.000s
    Time for post-processing:     0.110s
      Time for function pointers resolving:            0.005s
        Function calls via function pointers:             0 (count: 1, min: 0, max: 0, avg: 0.00)
        Instrumented function pointer calls:              0 (count: 1, min: 0, max: 0, avg: 0.00)
        Function calls with function pointer arguments:        0 (count: 1, min: 0, max: 0, avg: 0.00)
        Instrumented function pointer arguments:          0 (count: 1, min: 0, max: 0, avg: 0.00)
      Time for classifying variables:                  0.063s
        Time for collecting variables:                 0.024s
        Time for solving dependencies:                 0.004s
        Time for building hierarchy:                   0.000s
        Time for building classification:              0.035s
        Time for exporting data:                       0.000s
Time for Analysis:                0.080s
CPU time for analysis:            0.070s
Total time for CPAchecker:        1.963s
Total CPU time for CPAchecker:    1.960s
Time for statistics:              0.061s

Time for Garbage Collector:       0.030s (in 2 runs)
Garbage Collector(s) used:    Copy, MarkSweepCompact

Verification result: UNKNOWN, incomplete analysis.
More details about the verification run can be found in the directory "./output".
