scripts/cpa.sh -heap 4096M -benchmark -timelimit 120s -config ./config/myAnalysis-concurrent-interrupt-benchmark.properties -stats -spec ../benchmark-racebench/properties/unreach-call.prp -32 ../benchmark-racebench/2.1_remarks/svp_simple_009_001.i


--------------------------------------------------------------------------------


Running CPAchecker with Java heap of size 4096M.
Running CPAchecker with default stack size (1024k). Specify a larger value with -stack if needed.
Language C detected and set for analysis (CPAMain.detectFrontendLanguageIfNecessary, INFO)

Using the following resource limits: CPU-time limit of 120s (ResourceLimitChecker.fromConfiguration, INFO)

CPAchecker 2.0 / myAnalysis-concurrent-interrupt-benchmark (Java HotSpot(TM) 64-Bit Server VM 11.0.8) started (CPAchecker.run, INFO)

Parsing CFA from file(s) "../benchmark-racebench/2.1_remarks/svp_simple_009_001.i" (CPAchecker.parse, INFO)

Building Constrained Dependency Graph ... (EdgeInfo.<init>, INFO)

Using unsound approximation of ints with unbounded integers and floats with rationals for encoding program semantics. (FormulaManagerView.<init>, WARNING)

Starting analysis ... (CPAchecker.runAlgorithm, INFO)

========================== Verify Result ===========================
explored states: 93
reached set size: 94
total time: 168 ms
=========================== Predicates =============================
====================================================================
Race times:
 
[31m=========================== Conflicts checked =============================
The total number of conflicts is3
RWR conflicts have 0
WRW conflicts have 3
RWW conflicts have 0
WWR conflicts have 0
[0m=========================== 详细状态如下 =============================
 raceRWRSet:
[]
 raceWRWSet:
[
svp_simple_009_001_m:

       (svp_simple_009_001_m,svp_simple_009_001_main, '127, 'W)
       (svp_simple_009_001_m,svp_simple_009_001_isr_1, '137, 'R)
       (svp_simple_009_001_m,svp_simple_009_001_main, '128, 'W), 
svp_simple_009_001_m:

       (svp_simple_009_001_m,svp_simple_009_001_main, '125, 'W)
       (svp_simple_009_001_m,svp_simple_009_001_isr_1, '137, 'R)
       (svp_simple_009_001_m,svp_simple_009_001_main, '127, 'W), 
svp_simple_009_001_p:

       (svp_simple_009_001_p,svp_simple_009_001_main, '119, 'W)
       (svp_simple_009_001_p,svp_simple_009_001_isr_1, '134, 'R)
       (svp_simple_009_001_p,svp_simple_009_001_main, '122, 'W)]
 raceRWWSet:
[]
 raceWWRSet:
[]
Stopping analysis ... (CPAchecker.runAlgorithm, INFO)


BDDCPA statistics
-----------------
Number of boolean vars:           0 (of 0)
Number of intEqual vars:          0 (of 0)
Number of intAdd vars:            0 (of 0)
Number of all vars:               0
Number of intBool partitions:     0
Number of intEq partitions:       0
Number of intAdd partitions:      0
Number of all partitions:         5
Number of named predicates:          1120
Number of BDD nodes:                               7187
Size of BDD node table:                            207593
Size of BDD cache:                                 20759
Size of BDD node cleanup queue:                    0.00 (sum: 0, count: 6087, min: 0, max: 0)
Time for BDD node cleanup:                             0.006s
Time for BDD garbage collection:                       0.000s (in 0 runs)

AutomatonAnalysis (SVCOMP) statistics
-------------------------------------
Number of states:                                  1
Total time for successor computation:                  0.004s
Automaton transfers with branching:                0
Automaton transfer successors:                     1.00 (sum: 88, count: 88, min: 1, max: 1) [1 x 88]
Number of states with assumption transitions:      0

Constrained Dependency Graph statistics
---------------------------------------
Time for building the nodes of conditional dependence graph:     0.055s
Time for building conditional dependence graph:        0.205s
  Number of dependent node:                              13 (count: 1, min: 13, max: 13, avg: 13.00)
  Number of dependent node pairs:                        88
  Number of un-conditional dependent node pairs:         88
  Number of block:                                       13
  Size of block:                                         13 (sum: 13, min: 1, max: 1, avg: 1.00)

CPA algorithm statistics
------------------------
Number of iterations:            94
Max size of waitlist:            2
Average size of waitlist:        1
ThreadingSortedWaitlist:                           63.00 (sum: 63, count: 1, min: 63, max: 63)
CallstackSortedWaitlist:                           2.03 (sum: 63, count: 31, min: 0, max: 16)
Number of computed successors:   93
Max successors for one state:    2
Number of times merged:          0
Number of times stopped:         0
Number of times breaked:         0

Total time for CPA algorithm:         0.168s (Max:     0.168s)
  Time for choose from waitlist:      0.001s
  Time for precision adjustment:      0.004s
  Time for transfer relation:         0.152s
  Time for stop operator:             0.002s
  Time for adding to reached set:     0.005s

CPAchecker general statistics
-----------------------------
Number of program locations:                       42
Number of CFA edges (per node):                          40 (count: 42, min: 0, max: 1, avg: 0.95)
Number of relevant variables:                      6
Number of functions:                               2
Number of loops (and loop nodes):                         0 (sum: 0, min: 0, max: 0, avg: 0.00)
Size of reached set:             94
  Number of partitions:          81
    Avg size of partitions:      1
    Max size of partitions:      5 (with key [{svp_simple_009_001_main=N12 (after line 128) Function svp_simple_009_001_main called from node N1, stack depth 1 [2b0b7e5a], stack [svp_simple_009_001_main] @@ -2147483648 @@ 0}])
  Number of target states:       0

Time for analysis setup:          1.701s
  Time for loading CPAs:          0.358s
  Time for loading parser:        0.298s
  Time for CFA construction:      0.695s
    Time for parsing file(s):     0.420s
    Time for AST to CFA:          0.133s
    Time for CFA sanity check:    0.000s
    Time for post-processing:     0.096s
      Time for function pointers resolving:            0.004s
        Function calls via function pointers:             0 (count: 1, min: 0, max: 0, avg: 0.00)
        Instrumented function pointer calls:              0 (count: 1, min: 0, max: 0, avg: 0.00)
        Function calls with function pointer arguments:        0 (count: 1, min: 0, max: 0, avg: 0.00)
        Instrumented function pointer arguments:          0 (count: 1, min: 0, max: 0, avg: 0.00)
      Time for classifying variables:                  0.054s
        Time for collecting variables:                 0.018s
        Time for solving dependencies:                 0.001s
        Time for building hierarchy:                   0.000s
        Time for building classification:              0.035s
        Time for exporting data:                       0.000s
Time for Analysis:                0.194s
CPU time for analysis:            0.190s
Time for analyzing result:        0.001s
Total time for CPAchecker:        1.895s
Total CPU time for CPAchecker:    1.900s
Time for statistics:              0.086s

Time for Garbage Collector:       0.033s (in 2 runs)
Garbage Collector(s) used:    Copy, MarkSweepCompact

Verification result: TRUE. No property violation found by chosen configuration.
More details about the verification run can be found in the directory "./output".
