scripts/cpa.sh -heap 4096M -benchmark -timelimit 120s -config ./config/myAnalysis-concurrent-interrupt-benchmark.properties -stats -spec ../benchmark-racebench/properties/unreach-call.prp -32 ../benchmark-racebench/2.1_remarks/svp_simple_026_001.i


--------------------------------------------------------------------------------


Running CPAchecker with Java heap of size 4096M.
Running CPAchecker with default stack size (1024k). Specify a larger value with -stack if needed.
Language C detected and set for analysis (CPAMain.detectFrontendLanguageIfNecessary, INFO)

Using the following resource limits: CPU-time limit of 120s (ResourceLimitChecker.fromConfiguration, INFO)

CPAchecker 2.0 / myAnalysis-concurrent-interrupt-benchmark (Java HotSpot(TM) 64-Bit Server VM 11.0.8) started (CPAchecker.run, INFO)

Parsing CFA from file(s) "../benchmark-racebench/2.1_remarks/svp_simple_026_001.i" (CPAchecker.parse, INFO)

Building Constrained Dependency Graph ... (EdgeInfo.<init>, INFO)

Using unsound approximation of ints with unbounded integers and floats with rationals for encoding program semantics. (FormulaManagerView.<init>, WARNING)

Starting analysis ... (CPAchecker.runAlgorithm, INFO)

========================== Verify Result ===========================
explored states: 226
reached set size: 227
total time: 300 ms
=========================== Predicates =============================
====================================================================
Race times:
 
[31m=========================== Conflicts checked =============================
The total number of conflicts is3
RWR conflicts have 0
WRW conflicts have 0
RWW conflicts have 1
WWR conflicts have 2
[0m=========================== 详细状态如下 =============================
 raceRWRSet:
[]
 raceWRWSet:
[]
 raceRWWSet:
[
svp_simple_026_001_gloable_var:

       (svp_simple_026_001_gloable_var,svp_simple_026_001_main, '130, 'R)
       (svp_simple_026_001_gloable_var,svp_simple_026_001_isr_2, '147, 'W)
       (svp_simple_026_001_gloable_var,svp_simple_026_001_main, '131, 'W)]
 raceWWRSet:
[
svp_simple_026_001_gloable_var:

       (svp_simple_026_001_gloable_var,svp_simple_026_001_init, '138, 'W)
       (svp_simple_026_001_gloable_var,svp_simple_026_001_isr_1, '144, 'W)
       (svp_simple_026_001_gloable_var,svp_simple_026_001_main, '130, 'R), 
svp_simple_026_001_gloable_var:

       (svp_simple_026_001_gloable_var,svp_simple_026_001_init, '138, 'W)
       (svp_simple_026_001_gloable_var,svp_simple_026_001_isr_2, '147, 'W)
       (svp_simple_026_001_gloable_var,svp_simple_026_001_main, '130, 'R)]
Stopping analysis ... (CPAchecker.runAlgorithm, INFO)


BDDCPA statistics
-----------------
Number of boolean vars:           1 (of 1)
Number of intEqual vars:          0 (of 0)
Number of intAdd vars:            3 (of 3)
Number of all vars:               4
Number of intBool partitions:     1
Number of intEq partitions:       0
Number of intAdd partitions:      1
Number of all partitions:         2
Number of named predicates:          384
Number of BDD nodes:                               23169
Size of BDD node table:                            207593
Size of BDD cache:                                 20759
Size of BDD node cleanup queue:                    0.00 (sum: 0, count: 20434, min: 0, max: 0)
Time for BDD node cleanup:                             0.009s
Time for BDD garbage collection:                       0.000s (in 0 runs)

AutomatonAnalysis (SVCOMP) statistics
-------------------------------------
Number of states:                                  1
Total time for successor computation:                  0.008s
Automaton transfers with branching:                0
Automaton transfer successors:                     1.00 (sum: 205, count: 205, min: 1, max: 1) [1 x 205]
Number of states with assumption transitions:      0

Constrained Dependency Graph statistics
---------------------------------------
Time for building the nodes of conditional dependence graph:     0.141s
Time for building conditional dependence graph:        0.219s
  Number of dependent node:                               9 (count: 1, min: 9, max: 9, avg: 9.00)
  Number of dependent node pairs:                        35
  Number of un-conditional dependent node pairs:         35
  Number of block:                                        9
  Size of block:                                          9 (sum: 9, min: 1, max: 1, avg: 1.00)

CPA algorithm statistics
------------------------
Number of iterations:            227
Max size of waitlist:            6
Average size of waitlist:        3
ThreadingSortedWaitlist:                           195.00 (sum: 195, count: 1, min: 195, max: 195)
CallstackSortedWaitlist:                           6.09 (sum: 195, count: 32, min: 0, max: 105)
Number of computed successors:   226
Max successors for one state:    4
Number of times merged:          0
Number of times stopped:         0
Number of times breaked:         0

Total time for CPA algorithm:         0.300s (Max:     0.300s)
  Time for choose from waitlist:      0.004s
  Time for precision adjustment:      0.011s
  Time for transfer relation:         0.257s
  Time for stop operator:             0.012s
  Time for adding to reached set:     0.008s

CPAchecker general statistics
-----------------------------
Number of program locations:                       45
Number of CFA edges (per node):                          43 (count: 45, min: 0, max: 2, avg: 0.96)
Number of relevant variables:                      1
Number of functions:                               4
Number of loops (and loop nodes):                         0 (sum: 0, min: 0, max: 0, avg: 0.00)
Size of reached set:             227
  Number of partitions:          92
    Avg size of partitions:      2
    Max size of partitions:      16 (with key [{svp_simple_026_001_main=N8 (before line 135) Function svp_simple_026_001_main called from node N1, stack depth 1 [23ea3853], stack [svp_simple_026_001_main] @@ -2147483648 @@ 0}])
  Number of target states:       0

Time for analysis setup:          2.169s
  Time for loading CPAs:          0.478s
  Time for loading parser:        0.365s
  Time for CFA construction:      0.904s
    Time for parsing file(s):     0.580s
    Time for AST to CFA:          0.164s
    Time for CFA sanity check:    0.000s
    Time for post-processing:     0.102s
      Time for function pointers resolving:            0.019s
        Function calls via function pointers:             0 (count: 1, min: 0, max: 0, avg: 0.00)
        Instrumented function pointer calls:              0 (count: 1, min: 0, max: 0, avg: 0.00)
        Function calls with function pointer arguments:        0 (count: 1, min: 0, max: 0, avg: 0.00)
        Instrumented function pointer arguments:          0 (count: 1, min: 0, max: 0, avg: 0.00)
      Time for classifying variables:                  0.047s
        Time for collecting variables:                 0.018s
        Time for solving dependencies:                 0.001s
        Time for building hierarchy:                   0.000s
        Time for building classification:              0.028s
        Time for exporting data:                       0.000s
Time for Analysis:                0.321s
CPU time for analysis:            0.320s
Time for analyzing result:        0.002s
Total time for CPAchecker:        2.491s
Total CPU time for CPAchecker:    2.490s
Time for statistics:              0.099s

Time for Garbage Collector:       0.054s (in 2 runs)
Garbage Collector(s) used:    Copy, MarkSweepCompact

Verification result: TRUE. No property violation found by chosen configuration.
More details about the verification run can be found in the directory "./output".
