scripts/cpa.sh -heap 4096M -benchmark -timelimit 120s -config ./config/myAnalysis-concurrent-interrupt-benchmark.properties -stats -spec ../benchmark-racebench/properties/unreach-call.prp -32 ../benchmark-racebench/2.1_remarks/svp_simple_022_001.i


--------------------------------------------------------------------------------


Running CPAchecker with Java heap of size 4096M.
Running CPAchecker with default stack size (1024k). Specify a larger value with -stack if needed.
Language C detected and set for analysis (CPAMain.detectFrontendLanguageIfNecessary, INFO)

Using the following resource limits: CPU-time limit of 120s (ResourceLimitChecker.fromConfiguration, INFO)

CPAchecker 2.0 / myAnalysis-concurrent-interrupt-benchmark (Java HotSpot(TM) 64-Bit Server VM 11.0.8) started (CPAchecker.run, INFO)

Parsing CFA from file(s) "../benchmark-racebench/2.1_remarks/svp_simple_022_001.i" (CPAchecker.parse, INFO)

Building Constrained Dependency Graph ... (EdgeInfo.<init>, INFO)

Using unsound approximation of ints with unbounded integers and floats with rationals for encoding program semantics. (FormulaManagerView.<init>, WARNING)

Starting analysis ... (CPAchecker.runAlgorithm, INFO)

========================== Verify Result ===========================
explored states: 5304
reached set size: 5305
total time: 4465 ms
=========================== Predicates =============================
====================================================================
Race times:
 
[31m=========================== Conflicts checked =============================
The total number of conflicts is4
RWR conflicts have 1
WRW conflicts have 0
RWW conflicts have 1
WWR conflicts have 2
[0m=========================== 详细状态如下 =============================
 raceRWRSet:
[
svp_simple_022_001_global_var1:

       (svp_simple_022_001_global_var1,svp_simple_022_001_func_4, '167, 'R)
       (svp_simple_022_001_global_var1,svp_simple_022_001_isr_1, '170, 'W)
       (svp_simple_022_001_global_var1,svp_simple_022_001_main, '143, 'R)]
 raceWRWSet:
[]
 raceRWWSet:
[
svp_simple_022_001_global_var1:

       (svp_simple_022_001_global_var1,svp_simple_022_001_func_3, '159, 'R)
       (svp_simple_022_001_global_var1,svp_simple_022_001_isr_1, '170, 'W)
       (svp_simple_022_001_global_var1,svp_simple_022_001_func_3, '162, 'W)]
 raceWWRSet:
[
svp_simple_022_001_global_var1:

       (svp_simple_022_001_global_var1,svp_simple_022_001_func_3, '162, 'W)
       (svp_simple_022_001_global_var1,svp_simple_022_001_isr_1, '170, 'W)
       (svp_simple_022_001_global_var1,svp_simple_022_001_func_4, '167, 'R), 
svp_simple_022_001_global_var1:

       (svp_simple_022_001_global_var1,svp_simple_022_001_main, '136, 'W)
       (svp_simple_022_001_global_var1,svp_simple_022_001_isr_1, '170, 'W)
       (svp_simple_022_001_global_var1,svp_simple_022_001_func_3, '159, 'R)]
Stopping analysis ... (CPAchecker.runAlgorithm, INFO)


BDDCPA statistics
-----------------
Number of boolean vars:           1 (of 1)
Number of intEqual vars:          0 (of 0)
Number of intAdd vars:            3 (of 3)
Number of all vars:               4
Number of intBool partitions:     1
Number of intEq partitions:       0
Number of intAdd partitions:      2
Number of all partitions:         5
Number of named predicates:          704
Number of BDD nodes:                               65752
Size of BDD node table:                            207593
Size of BDD cache:                                 20759
Size of BDD node cleanup queue:                    0.08 (sum: 368707, count: 4487969, min: 0, max: 138574)
Time for BDD node cleanup:                             0.250s
Time for BDD garbage collection:                       0.000s (in 0 runs)

AutomatonAnalysis (SVCOMP) statistics
-------------------------------------
Number of states:                                  1
Total time for successor computation:                  0.067s
Automaton transfers with branching:                0
Automaton transfer successors:                     1.00 (sum: 5298, count: 5298, min: 1, max: 1) [1 x 5298]
Number of states with assumption transitions:      0

Constrained Dependency Graph statistics
---------------------------------------
Time for building the nodes of conditional dependence graph:     0.067s
Time for building conditional dependence graph:        0.193s
  Number of dependent node:                              16 (count: 1, min: 16, max: 16, avg: 16.00)
  Number of dependent node pairs:                        61
  Number of un-conditional dependent node pairs:         61
  Number of block:                                       16
  Size of block:                                         16 (sum: 16, min: 1, max: 1, avg: 1.00)

CPA algorithm statistics
------------------------
Number of iterations:            5305
Max size of waitlist:            2
Average size of waitlist:        1
ThreadingSortedWaitlist:                           4220.00 (sum: 4220, count: 1, min: 4220, max: 4220)
CallstackSortedWaitlist:                           3.89 (sum: 4220, count: 1085, min: 0, max: 1059)
Number of computed successors:   5304
Max successors for one state:    2
Number of times merged:          0
Number of times stopped:         0
Number of times breaked:         0

Total time for CPA algorithm:         4.465s (Max:     4.465s)
  Time for choose from waitlist:      0.049s
  Time for precision adjustment:      0.058s
  Time for transfer relation:         2.146s
  Time for stop operator:             1.936s
  Time for adding to reached set:     0.195s

CPAchecker general statistics
-----------------------------
Number of program locations:                       71
Number of CFA edges (per node):                          71 (count: 71, min: 0, max: 2, avg: 1.00)
Number of relevant variables:                      2
Number of functions:                               7
Number of loops (and loop nodes):                         1 (sum: 4, min: 4, max: 4, avg: 4.00)
Size of reached set:             5305
  Number of partitions:          88
    Avg size of partitions:      60
    Max size of partitions:      1285 (with key [{svp_simple_022_001_main=N8 (before line 139) Function svp_simple_022_001_main called from node N1, stack depth 1 [4c03f2be], stack [svp_simple_022_001_main] @@ -2147483648 @@ 0}])
  Number of target states:       0

Time for analysis setup:          1.805s
  Time for loading CPAs:          0.379s
  Time for loading parser:        0.307s
  Time for CFA construction:      0.786s
    Time for parsing file(s):     0.426s
    Time for AST to CFA:          0.177s
    Time for CFA sanity check:    0.000s
    Time for post-processing:     0.133s
      Time for function pointers resolving:            0.005s
        Function calls via function pointers:             0 (count: 1, min: 0, max: 0, avg: 0.00)
        Instrumented function pointer calls:              0 (count: 1, min: 0, max: 0, avg: 0.00)
        Function calls with function pointer arguments:        0 (count: 1, min: 0, max: 0, avg: 0.00)
        Instrumented function pointer arguments:          0 (count: 1, min: 0, max: 0, avg: 0.00)
      Time for classifying variables:                  0.076s
        Time for collecting variables:                 0.038s
        Time for solving dependencies:                 0.001s
        Time for building hierarchy:                   0.000s
        Time for building classification:              0.037s
        Time for exporting data:                       0.000s
Time for Analysis:                4.497s
CPU time for analysis:            4.500s
Time for analyzing result:        0.017s
Total time for CPAchecker:        6.303s
Total CPU time for CPAchecker:    6.310s
Time for statistics:              0.106s

Time for Garbage Collector:       0.362s (in 6 runs)
Garbage Collector(s) used:    Copy, MarkSweepCompact

Verification result: TRUE. No property violation found by chosen configuration.
More details about the verification run can be found in the directory "./output".
