scripts/cpa.sh -heap 4096M -benchmark -timelimit 120s -config ./config/myAnalysis-concurrent-interrupt-benchmark.properties -stats -spec ../benchmark-racebench/properties/unreach-call.prp -32 ../benchmark-racebench/2.1_remarks/svp_simple_019_001.i


--------------------------------------------------------------------------------


Running CPAchecker with Java heap of size 4096M.
Running CPAchecker with default stack size (1024k). Specify a larger value with -stack if needed.
Language C detected and set for analysis (CPAMain.detectFrontendLanguageIfNecessary, INFO)

Using the following resource limits: CPU-time limit of 120s (ResourceLimitChecker.fromConfiguration, INFO)

CPAchecker 2.0 / myAnalysis-concurrent-interrupt-benchmark (Java HotSpot(TM) 64-Bit Server VM 11.0.8) started (CPAchecker.run, INFO)

Parsing CFA from file(s) "../benchmark-racebench/2.1_remarks/svp_simple_019_001.i" (CPAchecker.parse, INFO)

Building Constrained Dependency Graph ... (EdgeInfo.<init>, INFO)

Using unsound approximation of ints with unbounded integers and floats with rationals for encoding program semantics. (FormulaManagerView.<init>, WARNING)

Starting analysis ... (CPAchecker.runAlgorithm, INFO)

Shutdown requested (The CPU-time limit of 120s has elapsed.), waiting for termination. (ForceTerminationOnShutdown$1.shutdownRequested, WARNING)

Shutdown was requested but CPAchecker is still running after 10s, forcing immediate termination now. (ForceTerminationOnShutdown.run, WARNING)

For your information: CPAchecker is currently hanging at
 app//net.sf.javabdd.JFactory.and_rec(JFactory.java:1316)
app//net.sf.javabdd.JFactory.and_rec(JFactory.java:1313)
app//net.sf.javabdd.JFactory.and_rec(JFactory.java:1312)
app//net.sf.javabdd.JFactory.and_rec(JFactory.java:1317)
app//net.sf.javabdd.JFactory.and_rec(JFactory.java:1312)
app//net.sf.javabdd.JFactory.and_rec(JFactory.java:1312)
app//net.sf.javabdd.JFactory.and_rec(JFactory.java:1317)
app//net.sf.javabdd.JFactory.and_rec(JFactory.java:1313)
app//net.sf.javabdd.JFactory.and_rec(JFactory.java:1312)
app//net.sf.javabdd.JFactory.and_rec(JFactory.java:1317)
app//net.sf.javabdd.JFactory.and_rec(JFactory.java:1312)
app//net.sf.javabdd.JFactory.and_rec(JFactory.java:1312)
app//net.sf.javabdd.JFactory.and_rec(JFactory.java:1316)
app//net.sf.javabdd.JFactory.and_rec(JFactory.java:1312)
app//net.sf.javabdd.JFactory.and_rec(JFactory.java:1312)
app//net.sf.javabdd.JFactory.and_rec(JFactory.java:1317)
app//net.sf.javabdd.JFactory.and_rec(JFactory.java:1312)
app//net.sf.javabdd.JFactory.and_rec(JFactory.java:1312)
app//net.sf.javabdd.JFactory.and_rec(JFactory.java:1316)
app//net.sf.javabdd.JFactory.and_rec(JFactory.java:1312)
app//net.sf.javabdd.JFactory.and_rec(JFactory.java:1312)
app//net.sf.javabdd.JFactory.and_rec(JFactory.java:1317)
app//net.sf.javabdd.JFactory.and_rec(JFactory.java:1312)
app//net.sf.javabdd.JFactory.and_rec(JFactory.java:1312)
app//net.sf.javabdd.JFactory.and_rec(JFactory.java:1317)
app//net.sf.javabdd.JFactory.and_rec(JFactory.java:1312)
app//net.sf.javabdd.JFactory.and_rec(JFactory.java:1313)
app//net.sf.javabdd.JFactory.and_rec(JFactory.java:1317)
app//net.sf.javabdd.JFactory.and_rec(JFactory.java:1312)
app//net.sf.javabdd.JFactory.and_rec(JFactory.java:1312)
app//net.sf.javabdd.JFactory.and_rec(JFactory.java:1317)
app//net.sf.javabdd.JFactory.and_rec(JFactory.java:1312)
app//net.sf.javabdd.JFactory.and_rec(JFactory.java:1312)
app//net.sf.javabdd.JFactory.and_rec(JFactory.java:1317)
app//net.sf.javabdd.JFactory.and_rec(JFactory.java:1312)
app//net.sf.javabdd.JFactory.and_rec(JFactory.java:1312)
app//net.sf.javabdd.JFactory.and_rec(JFactory.java:1316)
app//net.sf.javabdd.JFactory.and_rec(JFactory.java:1312)
app//net.sf.javabdd.JFactory.and_rec(JFactory.java:1312)
app//net.sf.javabdd.JFactory.and_rec(JFactory.java:1317)
app//net.sf.javabdd.JFactory.and_rec(JFactory.java:1312)
app//net.sf.javabdd.JFactory.and_rec(JFactory.java:1312)
app//net.sf.javabdd.JFactory.and_rec(JFactory.java:1317)
app//net.sf.javabdd.JFactory.and_rec(JFactory.java:1312)
app//net.sf.javabdd.JFactory.and_rec(JFactory.java:1312)
app//net.sf.javabdd.JFactory.and_rec(JFactory.java:1317)
app//net.sf.javabdd.JFactory.and_rec(JFactory.java:1312)
app//net.sf.javabdd.JFactory.and_rec(JFactory.java:1312)
app//net.sf.javabdd.JFactory.and_rec(JFactory.java:1317)
app//net.sf.javabdd.JFactory.and_rec(JFactory.java:1312)
app//net.sf.javabdd.JFactory.and_rec(JFactory.java:1312)
app//net.sf.javabdd.JFactory.and_rec(JFactory.java:1317)
app//net.sf.javabdd.JFactory.and_rec(JFactory.java:1312)
app//net.sf.javabdd.JFactory.and_rec(JFactory.java:1312)
app//net.sf.javabdd.JFactory.and_rec(JFactory.java:1316)
app//net.sf.javabdd.JFactory.and_rec(JFactory.java:1313)
app//net.sf.javabdd.JFactory.and_rec(JFactory.java:1312)
app//net.sf.javabdd.JFactory.and_rec(JFactory.java:1317)
app//net.sf.javabdd.JFactory.and_rec(JFactory.java:1312)
app//net.sf.javabdd.JFactory.and_rec(JFactory.java:1312)
app//net.sf.javabdd.JFactory.and_rec(JFactory.java:1317)
app//net.sf.javabdd.JFactory.and_rec(JFactory.java:1313)
app//net.sf.javabdd.JFactory.and_rec(JFactory.java:1312)
app//net.sf.javabdd.JFactory.and_rec(JFactory.java:1317)
app//net.sf.javabdd.JFactory.and_rec(JFactory.java:1312)
app//net.sf.javabdd.JFactory.and_rec(JFactory.java:1312)
app//net.sf.javabdd.JFactory.and_rec(JFactory.java:1316)
app//net.sf.javabdd.JFactory.and_rec(JFactory.java:1312)
app//net.sf.javabdd.JFactory.and_rec(JFactory.java:1312)
app//net.sf.javabdd.JFactory.and_rec(JFactory.java:1317)
app//net.sf.javabdd.JFactory.and_rec(JFactory.java:1312)
app//net.sf.javabdd.JFactory.and_rec(JFactory.java:1312)
app//net.sf.javabdd.JFactory.and_rec(JFactory.java:1317)
app//net.sf.javabdd.JFactory.and_rec(JFactory.java:1313)
app//net.sf.javabdd.JFactory.and_rec(JFactory.java:1312)
app//net.sf.javabdd.JFactory.and_rec(JFactory.java:1317)
app//net.sf.javabdd.JFactory.and_rec(JFactory.java:1312)
app//net.sf.javabdd.JFactory.and_rec(JFactory.java:1312)
app//net.sf.javabdd.JFactory.and_rec(JFactory.java:1316)
app//net.sf.javabdd.JFactory.and_rec(JFactory.java:1312)
app//net.sf.javabdd.JFactory.and_rec(JFactory.java:1312)
app//net.sf.javabdd.JFactory.and_rec(JFactory.java:1317)
app//net.sf.javabdd.JFactory.and_rec(JFactory.java:1312)
app//net.sf.javabdd.JFactory.and_rec(JFactory.java:1312)
app//net.sf.javabdd.JFactory.and_rec(JFactory.java:1316)
app//net.sf.javabdd.JFactory.and_rec(JFactory.java:1313)
app//net.sf.javabdd.JFactory.and_rec(JFactory.java:1312)
app//net.sf.javabdd.JFactory.and_rec(JFactory.java:1317)
app//net.sf.javabdd.JFactory.and_rec(JFactory.java:1312)
app//net.sf.javabdd.JFactory.and_rec(JFactory.java:1312)
app//net.sf.javabdd.JFactory.and_rec(JFactory.java:1317)
app//net.sf.javabdd.JFactory.and_rec(JFactory.java:1313)
app//net.sf.javabdd.JFactory.and_rec(JFactory.java:1313)
app//net.sf.javabdd.JFactory.and_rec(JFactory.java:1317)
app//net.sf.javabdd.JFactory.and_rec(JFactory.java:1312)
app//net.sf.javabdd.JFactory.and_rec(JFactory.java:1312)
app//net.sf.javabdd.JFactory.and_rec(JFactory.java:1316)
app//net.sf.javabdd.JFactory.and_rec(JFactory.java:1312)
app//net.sf.javabdd.JFactory.and_rec(JFactory.java:1312)
app//net.sf.javabdd.JFactory.and_rec(JFactory.java:1317)
app//net.sf.javabdd.JFactory.and_rec(JFactory.java:1312)
app//net.sf.javabdd.JFactory.and_rec(JFactory.java:1312)
app//net.sf.javabdd.JFactory.and_rec(JFactory.java:1316)
app//net.sf.javabdd.JFactory.and_rec(JFactory.java:1312)
app//net.sf.javabdd.JFactory.and_rec(JFactory.java:1312)
app//net.sf.javabdd.JFactory.and_rec(JFactory.java:1317)
app//net.sf.javabdd.JFactory.and_rec(JFactory.java:1312)
app//net.sf.javabdd.JFactory.and_rec(JFactory.java:1312)
app//net.sf.javabdd.JFactory.and_rec(JFactory.java:1316)
app//net.sf.javabdd.JFactory.and_rec(JFactory.java:1312)
app//net.sf.javabdd.JFactory.and_rec(JFactory.java:1312)
app//net.sf.javabdd.JFactory.and_rec(JFactory.java:1317)
app//net.sf.javabdd.JFactory.and_rec(JFactory.java:1313)
app//net.sf.javabdd.JFactory.and_rec(JFactory.java:1312)
app//net.sf.javabdd.JFactory.and_rec(JFactory.java:1316)
app//net.sf.javabdd.JFactory.and_rec(JFactory.java:1312)
app//net.sf.javabdd.JFactory.and_rec(JFactory.java:1312)
app//net.sf.javabdd.JFactory.and_rec(JFactory.java:1317)
app//net.sf.javabdd.JFactory.and_rec(JFactory.java:1312)
app//net.sf.javabdd.JFactory.and_rec(JFactory.java:1313)
app//net.sf.javabdd.JFactory.and_rec(JFactory.java:1317)
app//net.sf.javabdd.JFactory.and_rec(JFactory.java:1313)
app//net.sf.javabdd.JFactory.and_rec(JFactory.java:1313)
app//net.sf.javabdd.JFactory.and_rec(JFactory.java:1317)
app//net.sf.javabdd.JFactory.and_rec(JFactory.java:1312)
app//net.sf.javabdd.JFactory.and_rec(JFactory.java:1312)
app//net.sf.javabdd.JFactory.and_rec(JFactory.java:1317)
app//net.sf.javabdd.JFactory.and_rec(JFactory.java:1312)
app//net.sf.javabdd.JFactory.and_rec(JFactory.java:1312)
app//net.sf.javabdd.JFactory.and_rec(JFactory.java:1317)
app//net.sf.javabdd.JFactory.and_rec(JFactory.java:1312)
app//net.sf.javabdd.JFactory.and_rec(JFactory.java:1312)
app//net.sf.javabdd.JFactory.bdd_apply(JFactory.java:1191)
app//net.sf.javabdd.JFactory$bdd.apply(JFactory.java:256)
app//net.sf.javabdd.BDD.and(BDD.java:128)
app//org.sosy_lab.cpachecker.util.predicates.bdd.JavaBDDRegionManager.makeAnd(JavaBDDRegionManager.java:358)
app//org.sosy_lab.cpachecker.util.predicates.regions.NamedRegionManager.makeAnd(NamedRegionManager.java:211)
app//org.sosy_lab.cpachecker.cpa.bdd.BDDState.addAssignment(BDDState.java:175)
app//org.sosy_lab.cpachecker.cpa.bdd.BDDState.addAssignment(BDDState.java:145)
app//org.sosy_lab.cpachecker.cpa.bdd.BDDTransferRelation.handleAssignment(BDDTransferRelation.java:206)
app//org.sosy_lab.cpachecker.cpa.bdd.BDDTransferRelation.handleStatementEdge(BDDTransferRelation.java:124)
app//org.sosy_lab.cpachecker.cpa.bdd.BDDTransferRelation.handleStatementEdge(BDDTransferRelation.java:72)
app//org.sosy_lab.cpachecker.core.defaults.ForwardingTransferRelation.handleStatementEdge(ForwardingTransferRelation.java:442)
app//org.sosy_lab.cpachecker.core.defaults.ForwardingTransferRelation.getAbstractSuccessorsForEdge(ForwardingTransferRelation.java:183)
app//org.sosy_lab.cpachecker.cpa.composite.CompositeTransferRelation.callTransferRelation(CompositeTransferRelation.java:282)
app//org.sosy_lab.cpachecker.cpa.composite.CompositeTransferRelation.getAbstractSuccessorForSimpleEdge(CompositeTransferRelation.java:252)
app//org.sosy_lab.cpachecker.cpa.composite.CompositeTransferRelation.getAbstractSuccessorForEdge(CompositeTransferRelation.java:190)
app//org.sosy_lab.cpachecker.cpa.composite.CompositeTransferRelation.getAbstractSuccessors(CompositeTransferRelation.java:87)
app//org.sosy_lab.cpachecker.cpa.arg.ARGTransferRelation.getAbstractSuccessors(ARGTransferRelation.java:46)
app//org.sosy_lab.cpachecker.core.algorithm.CPAAlgorithm.handleState(CPAAlgorithm.java:365)
app//org.sosy_lab.cpachecker.core.algorithm.CPAAlgorithm.run0(CPAAlgorithm.java:274)
app//org.sosy_lab.cpachecker.core.algorithm.CPAAlgorithm.run(CPAAlgorithm.java:246)
app//org.sosy_lab.cpachecker.core.CPAchecker.runAlgorithm(CPAchecker.java:539)
app//org.sosy_lab.cpachecker.core.CPAchecker.run(CPAchecker.java:404)
app//org.sosy_lab.cpachecker.cmdline.CPAMain.main(CPAMain.java:170) 
 (ForceTerminationOnShutdown.run, INFO)

