scripts/cpa.sh -heap 4096M -benchmark -timelimit 120s -config ./config/myAnalysis-concurrent-interrupt-benchmark.properties -stats -spec ../benchmark-racebench/properties/unreach-call.prp -32 ../benchmark-racebench/2.1_remarks/svp_simple_013_001.i


--------------------------------------------------------------------------------


Running CPAchecker with Java heap of size 4096M.
Running CPAchecker with default stack size (1024k). Specify a larger value with -stack if needed.
Language C detected and set for analysis (CPAMain.detectFrontendLanguageIfNecessary, INFO)

Using the following resource limits: CPU-time limit of 120s (ResourceLimitChecker.fromConfiguration, INFO)

CPAchecker 2.0 / myAnalysis-concurrent-interrupt-benchmark (Java HotSpot(TM) 64-Bit Server VM 11.0.8) started (CPAchecker.run, INFO)

Parsing CFA from file(s) "../benchmark-racebench/2.1_remarks/svp_simple_013_001.i" (CPAchecker.parse, INFO)

Building Constrained Dependency Graph ... (EdgeInfo.<init>, INFO)

Using unsound approximation of ints with unbounded integers and floats with rationals for encoding program semantics. (FormulaManagerView.<init>, WARNING)

Starting analysis ... (CPAchecker.runAlgorithm, INFO)

current state reaches the maximum interrupt nesting level 2 (ThreadingIntpCPA:ThreadingIntpTransferRelation.createInterruptThreads, WARNING)

current state reaches the maximum interrupt nesting level 2 (ThreadingIntpCPA:ThreadingIntpTransferRelation.createInterruptThreads, WARNING)

current state reaches the maximum interrupt nesting level 2 (ThreadingIntpCPA:ThreadingIntpTransferRelation.createInterruptThreads, WARNING)

current state reaches the maximum interrupt nesting level 2 (ThreadingIntpCPA:ThreadingIntpTransferRelation.createInterruptThreads, WARNING)

current state reaches the maximum interrupt nesting level 2 (ThreadingIntpCPA:ThreadingIntpTransferRelation.createInterruptThreads, WARNING)

current state reaches the maximum interrupt nesting level 2 (ThreadingIntpCPA:ThreadingIntpTransferRelation.createInterruptThreads, WARNING)

current state reaches the maximum interrupt nesting level 2 (ThreadingIntpCPA:ThreadingIntpTransferRelation.createInterruptThreads, WARNING)

current state reaches the maximum interrupt nesting level 2 (ThreadingIntpCPA:ThreadingIntpTransferRelation.createInterruptThreads, WARNING)

current state reaches the maximum interrupt nesting level 2 (ThreadingIntpCPA:ThreadingIntpTransferRelation.createInterruptThreads, WARNING)

current state reaches the maximum interrupt nesting level 2 (ThreadingIntpCPA:ThreadingIntpTransferRelation.createInterruptThreads, WARNING)

current state reaches the maximum interrupt nesting level 2 (ThreadingIntpCPA:ThreadingIntpTransferRelation.createInterruptThreads, WARNING)

current state reaches the maximum interrupt nesting level 2 (ThreadingIntpCPA:ThreadingIntpTransferRelation.createInterruptThreads, WARNING)

current state reaches the maximum interrupt nesting level 2 (ThreadingIntpCPA:ThreadingIntpTransferRelation.createInterruptThreads, WARNING)

current state reaches the maximum interrupt nesting level 2 (ThreadingIntpCPA:ThreadingIntpTransferRelation.createInterruptThreads, WARNING)

current state reaches the maximum interrupt nesting level 2 (ThreadingIntpCPA:ThreadingIntpTransferRelation.createInterruptThreads, WARNING)

current state reaches the maximum interrupt nesting level 2 (ThreadingIntpCPA:ThreadingIntpTransferRelation.createInterruptThreads, WARNING)

current state reaches the maximum interrupt nesting level 2 (ThreadingIntpCPA:ThreadingIntpTransferRelation.createInterruptThreads, WARNING)

current state reaches the maximum interrupt nesting level 2 (ThreadingIntpCPA:ThreadingIntpTransferRelation.createInterruptThreads, WARNING)

current state reaches the maximum interrupt nesting level 2 (ThreadingIntpCPA:ThreadingIntpTransferRelation.createInterruptThreads, WARNING)

current state reaches the maximum interrupt nesting level 2 (ThreadingIntpCPA:ThreadingIntpTransferRelation.createInterruptThreads, WARNING)

current state reaches the maximum interrupt nesting level 2 (ThreadingIntpCPA:ThreadingIntpTransferRelation.createInterruptThreads, WARNING)

current state reaches the maximum interrupt nesting level 2 (ThreadingIntpCPA:ThreadingIntpTransferRelation.createInterruptThreads, WARNING)

current state reaches the maximum interrupt nesting level 2 (ThreadingIntpCPA:ThreadingIntpTransferRelation.createInterruptThreads, WARNING)

current state reaches the maximum interrupt nesting level 2 (ThreadingIntpCPA:ThreadingIntpTransferRelation.createInterruptThreads, WARNING)

current state reaches the maximum interrupt nesting level 2 (ThreadingIntpCPA:ThreadingIntpTransferRelation.createInterruptThreads, WARNING)

current state reaches the maximum interrupt nesting level 2 (ThreadingIntpCPA:ThreadingIntpTransferRelation.createInterruptThreads, WARNING)

current state reaches the maximum interrupt nesting level 2 (ThreadingIntpCPA:ThreadingIntpTransferRelation.createInterruptThreads, WARNING)

current state reaches the maximum interrupt nesting level 2 (ThreadingIntpCPA:ThreadingIntpTransferRelation.createInterruptThreads, WARNING)

current state reaches the maximum interrupt nesting level 2 (ThreadingIntpCPA:ThreadingIntpTransferRelation.createInterruptThreads, WARNING)

current state reaches the maximum interrupt nesting level 2 (ThreadingIntpCPA:ThreadingIntpTransferRelation.createInterruptThreads, WARNING)

========================== Verify Result ===========================
explored states: 1508
reached set size: 1509
total time: 692 ms
=========================== Predicates =============================
====================================================================
Race times:
 
[31m=========================== Conflicts checked =============================
The total number of conflicts is1
RWR conflicts have 1
WRW conflicts have 0
RWW conflicts have 0
WWR conflicts have 0
[0m=========================== 详细状态如下 =============================
 raceRWRSet:
[
svp_simple_013_001_global_var2:

       (svp_simple_013_001_global_var2,svp_simple_013_001_main, '133, 'R)
       (svp_simple_013_001_global_var2,svp_simple_013_001_isr_3, '156, 'W)
       (svp_simple_013_001_global_var2,svp_simple_013_001_main, '135, 'R)]
 raceWRWSet:
[]
 raceRWWSet:
[]
 raceWWRSet:
[]
Stopping analysis ... (CPAchecker.runAlgorithm, INFO)


BDDCPA statistics
-----------------
Number of boolean vars:           0 (of 0)
Number of intEqual vars:          8 (of 8)
Number of intAdd vars:            1 (of 1)
Number of all vars:               9
Number of intBool partitions:     0
Number of intEq partitions:       4
Number of intAdd partitions:      1
Number of all partitions:         5
Number of named predicates:          896
Number of BDD nodes:                               7648
Size of BDD node table:                            207593
Size of BDD cache:                                 20759
Size of BDD node cleanup queue:                    0.05 (sum: 2496, count: 46475, min: 0, max: 2496)
Time for BDD node cleanup:                             0.009s
Time for BDD garbage collection:                       0.000s (in 0 runs)

AutomatonAnalysis (SVCOMP) statistics
-------------------------------------
Number of states:                                  1
Total time for successor computation:                  0.021s
Automaton transfers with branching:                0
Automaton transfer successors:                     1.00 (sum: 1324, count: 1324, min: 1, max: 1) [1 x 1324]
Number of states with assumption transitions:      0

Constrained Dependency Graph statistics
---------------------------------------
Time for building the nodes of conditional dependence graph:     0.072s
Time for building conditional dependence graph:        0.202s
  Number of dependent node:                              16 (count: 1, min: 16, max: 16, avg: 16.00)
  Number of dependent node pairs:                        28
  Number of un-conditional dependent node pairs:         28
  Number of block:                                       16
  Size of block:                                         16 (sum: 16, min: 1, max: 1, avg: 1.00)

CPA algorithm statistics
------------------------
Number of iterations:            1509
Max size of waitlist:            8
Average size of waitlist:        4
ThreadingSortedWaitlist:                           1450.00 (sum: 1450, count: 1, min: 1450, max: 1450)
CallstackSortedWaitlist:                           24.58 (sum: 1450, count: 59, min: 0, max: 730)
Number of computed successors:   1508
Max successors for one state:    3
Number of times merged:          0
Number of times stopped:         0
Number of times breaked:         0

Total time for CPA algorithm:         0.692s (Max:     0.692s)
  Time for choose from waitlist:      0.005s
  Time for precision adjustment:      0.020s
  Time for transfer relation:         0.558s
  Time for stop operator:             0.043s
  Time for adding to reached set:     0.014s

CPAchecker general statistics
-----------------------------
Number of program locations:                       66
Number of CFA edges (per node):                          66 (count: 66, min: 0, max: 2, avg: 1.00)
Number of relevant variables:                      3
Number of functions:                               4
Number of loops (and loop nodes):                         1 (sum: 6, min: 6, max: 6, avg: 6.00)
Size of reached set:             1509
  Number of partitions:          284
    Avg size of partitions:      5
    Max size of partitions:      135 (with key [{svp_simple_013_001_main=N20 (after line 135) Function svp_simple_013_001_main called from node N1, stack depth 1 [1a3e8b68], stack [svp_simple_013_001_main] @@ -2147483648 @@ 0}])
  Number of target states:       0

Time for analysis setup:          1.724s
  Time for loading CPAs:          0.357s
  Time for loading parser:        0.303s
  Time for CFA construction:      0.722s
    Time for parsing file(s):     0.427s
    Time for AST to CFA:          0.142s
    Time for CFA sanity check:    0.001s
    Time for post-processing:     0.109s
      Time for function pointers resolving:            0.002s
        Function calls via function pointers:             0 (count: 1, min: 0, max: 0, avg: 0.00)
        Instrumented function pointer calls:              0 (count: 1, min: 0, max: 0, avg: 0.00)
        Function calls with function pointer arguments:        0 (count: 1, min: 0, max: 0, avg: 0.00)
        Instrumented function pointer arguments:          0 (count: 1, min: 0, max: 0, avg: 0.00)
      Time for classifying variables:                  0.053s
        Time for collecting variables:                 0.018s
        Time for solving dependencies:                 0.002s
        Time for building hierarchy:                   0.000s
        Time for building classification:              0.033s
        Time for exporting data:                       0.000s
Time for Analysis:                0.720s
CPU time for analysis:            0.720s
Time for analyzing result:        0.001s
Total time for CPAchecker:        2.453s
Total CPU time for CPAchecker:    2.450s
Time for statistics:              0.101s

Time for Garbage Collector:       0.045s (in 3 runs)
Garbage Collector(s) used:    Copy, MarkSweepCompact

Verification result: TRUE. No property violation found by chosen configuration.
More details about the verification run can be found in the directory "./output".
