scripts/cpa.sh -heap 4096M -benchmark -timelimit 120s -config ./config/myAnalysis-concurrent-interrupt-benchmark.properties -stats -spec ../benchmark-racebench/properties/unreach-call.prp -32 ../benchmark-racebench/2.1_remarks/svp_simple_002_001.i


--------------------------------------------------------------------------------


Running CPAchecker with Java heap of size 4096M.
Running CPAchecker with default stack size (1024k). Specify a larger value with -stack if needed.
Language C detected and set for analysis (CPAMain.detectFrontendLanguageIfNecessary, INFO)

Using the following resource limits: CPU-time limit of 120s (ResourceLimitChecker.fromConfiguration, INFO)

CPAchecker 2.0 / myAnalysis-concurrent-interrupt-benchmark (Java HotSpot(TM) 64-Bit Server VM 11.0.8) started (CPAchecker.run, INFO)

Parsing CFA from file(s) "../benchmark-racebench/2.1_remarks/svp_simple_002_001.i" (CPAchecker.parse, INFO)

Building Constrained Dependency Graph ... (EdgeInfo.<init>, INFO)

Using unsound approximation of ints with unbounded integers and floats with rationals for encoding program semantics. (FormulaManagerView.<init>, WARNING)

Starting analysis ... (CPAchecker.runAlgorithm, INFO)

Error: Unsupported feature (BDD-analysis does not support arrays: svp_simple_002_001_global_array[4]) (BDDVectorCExpressionVisitor.visit, SEVERE)


BDDCPA statistics
-----------------
Number of boolean vars:           1 (of 1)
Number of intEqual vars:          0 (of 0)
Number of intAdd vars:            1 (of 1)
Number of all vars:               2
Number of intBool partitions:     1
Number of intEq partitions:       0
Number of intAdd partitions:      1
Number of all partitions:         7
Number of named predicates:          896
Number of BDD nodes:                               8151
Size of BDD node table:                            207593
Size of BDD cache:                                 20759
Size of BDD node cleanup queue:                    0.00 (sum: 0, count: 9218, min: 0, max: 0)
Time for BDD node cleanup:                             0.006s
Time for BDD garbage collection:                       0.000s (in 0 runs)

AutomatonAnalysis (SVCOMP) statistics
-------------------------------------
Number of states:                                  1
Total time for successor computation:                  0.003s
Automaton transfers with branching:                0
Automaton transfer successors:                     1.00 (sum: 59, count: 59, min: 1, max: 1) [1 x 59]
Number of states with assumption transitions:      0

Constrained Dependency Graph statistics
---------------------------------------
Time for building the nodes of conditional dependence graph:     0.065s
Time for building conditional dependence graph:        0.173s
  Number of dependent node:                               7 (count: 1, min: 7, max: 7, avg: 7.00)
  Number of dependent node pairs:                        19
  Number of un-conditional dependent node pairs:         19
  Number of block:                                        7
  Size of block:                                          7 (sum: 7, min: 1, max: 1, avg: 1.00)

CPA algorithm statistics
------------------------
Number of iterations:            60
Max size of waitlist:            4
Average size of waitlist:        2
ThreadingSortedWaitlist:                           38.00 (sum: 38, count: 1, min: 38, max: 38)
CallstackSortedWaitlist:                           0.00 (sum: 0, count: 22, min: 0, max: 0)
Number of computed successors:   62
Max successors for one state:    3
Number of times merged:          0
Number of times stopped:         0
Number of times breaked:         0

Total time for CPA algorithm:         0.146s (Max:     0.146s)
  Time for choose from waitlist:      0.001s
  Time for precision adjustment:      0.001s
  Time for transfer relation:         0.137s
  Time for stop operator:             0.000s
  Time for adding to reached set:     0.002s

CPAchecker general statistics
-----------------------------
Number of program locations:                       47
Number of CFA edges (per node):                          47 (count: 47, min: 0, max: 2, avg: 1.00)
Number of relevant variables:                      1
Number of functions:                               3
Number of loops (and loop nodes):                         1 (sum: 9, min: 9, max: 9, avg: 9.00)
Size of reached set:             63
  Number of partitions:          42
    Avg size of partitions:      1
    Max size of partitions:      6 (with key [{svp_simple_002_001_isr_1=N11 (before line 122) Function svp_simple_002_001_isr_1 called from node N6, stack depth 1 [1e3f0aea], stack [svp_simple_002_001_isr_1] @@ 1 @@ 1, svp_simple_002_001_main=N4 (after line 117) Function svp_simple_002_001_main called from node N1, stack depth 1 [36c7cbe1], stack [svp_simple_002_001_main] @@ -2147483648 @@ 0}])
  Number of target states:       0
  Size of final wait list:       4

Time for analysis setup:          1.702s
  Time for loading CPAs:          0.350s
  Time for loading parser:        0.299s
  Time for CFA construction:      0.748s
    Time for parsing file(s):     0.429s
    Time for AST to CFA:          0.159s
    Time for CFA sanity check:    0.000s
    Time for post-processing:     0.115s
      Time for function pointers resolving:            0.004s
        Function calls via function pointers:             0 (count: 1, min: 0, max: 0, avg: 0.00)
        Instrumented function pointer calls:              0 (count: 1, min: 0, max: 0, avg: 0.00)
        Function calls with function pointer arguments:        0 (count: 1, min: 0, max: 0, avg: 0.00)
        Instrumented function pointer arguments:          0 (count: 1, min: 0, max: 0, avg: 0.00)
      Time for classifying variables:                  0.071s
        Time for collecting variables:                 0.039s
        Time for solving dependencies:                 0.000s
        Time for building hierarchy:                   0.000s
        Time for building classification:              0.032s
        Time for exporting data:                       0.000s
Time for Analysis:                0.146s
CPU time for analysis:            0.160s
Total time for CPAchecker:        1.848s
Total CPU time for CPAchecker:    1.860s
Time for statistics:              0.085s

Time for Garbage Collector:       0.030s (in 2 runs)
Garbage Collector(s) used:    Copy, MarkSweepCompact

Verification result: UNKNOWN, incomplete analysis.
More details about the verification run can be found in the directory "./output".
