scripts/cpa.sh -heap 4096M -benchmark -timelimit 120s -config ./config/myAnalysis-concurrent-interrupt-benchmark.properties -stats -spec ../benchmark-racebench/properties/unreach-call.prp -32 ../benchmark-racebench/2.1_remarks/svp_simple_021_001.i


--------------------------------------------------------------------------------


Running CPAchecker with Java heap of size 4096M.
Running CPAchecker with default stack size (1024k). Specify a larger value with -stack if needed.
Language C detected and set for analysis (CPAMain.detectFrontendLanguageIfNecessary, INFO)

Using the following resource limits: CPU-time limit of 120s (ResourceLimitChecker.fromConfiguration, INFO)

CPAchecker 2.0 / myAnalysis-concurrent-interrupt-benchmark (Java HotSpot(TM) 64-Bit Server VM 11.0.8) started (CPAchecker.run, INFO)

Parsing CFA from file(s) "../benchmark-racebench/2.1_remarks/svp_simple_021_001.i" (CPAchecker.parse, INFO)

Building Constrained Dependency Graph ... (EdgeInfo.<init>, INFO)

Using unsound approximation of ints with unbounded integers and floats with rationals for encoding program semantics. (FormulaManagerView.<init>, WARNING)

Starting analysis ... (CPAchecker.runAlgorithm, INFO)

========================== Verify Result ===========================
explored states: 4413
reached set size: 4414
total time: 3805 ms
=========================== Predicates =============================
====================================================================
Race times:
 
[31m=========================== Conflicts checked =============================
The total number of conflicts is0
RWR conflicts have 0
WRW conflicts have 0
RWW conflicts have 0
WWR conflicts have 0
[0m=========================== 详细状态如下 =============================
 raceRWRSet:
[]
 raceWRWSet:
[]
 raceRWWSet:
[]
 raceWWRSet:
[]
Stopping analysis ... (CPAchecker.runAlgorithm, INFO)


BDDCPA statistics
-----------------
Number of boolean vars:           0 (of 0)
Number of intEqual vars:          1 (of 1)
Number of intAdd vars:            2 (of 2)
Number of all vars:               3
Number of intBool partitions:     0
Number of intEq partitions:       1
Number of intAdd partitions:      2
Number of all partitions:         7
Number of named predicates:          1344
Number of BDD nodes:                               103571
Size of BDD node table:                            207593
Size of BDD cache:                                 20759
Size of BDD node cleanup queue:                    0.05 (sum: 159502, count: 3042253, min: 0, max: 64734)
Time for BDD node cleanup:                             0.134s
Time for BDD garbage collection:                       0.000s (in 0 runs)

AutomatonAnalysis (SVCOMP) statistics
-------------------------------------
Number of states:                                  1
Total time for successor computation:                  0.051s
Automaton transfers with branching:                0
Automaton transfer successors:                     1.00 (sum: 4407, count: 4407, min: 1, max: 1) [1 x 4407]
Number of states with assumption transitions:      0

Constrained Dependency Graph statistics
---------------------------------------
Time for building the nodes of conditional dependence graph:     0.079s
Time for building conditional dependence graph:        0.216s
  Number of dependent node:                              20 (count: 1, min: 20, max: 20, avg: 20.00)
  Number of dependent node pairs:                        22
  Number of un-conditional dependent node pairs:         22
  Number of block:                                       23
  Size of block:                                         23 (sum: 23, min: 1, max: 1, avg: 1.00)

CPA algorithm statistics
------------------------
Number of iterations:            4414
Max size of waitlist:            4
Average size of waitlist:        1
ThreadingSortedWaitlist:                           3317.00 (sum: 3317, count: 1, min: 3317, max: 3317)
CallstackSortedWaitlist:                           3.02 (sum: 3317, count: 1097, min: 0, max: 1139)
Number of computed successors:   4413
Max successors for one state:    4
Number of times merged:          0
Number of times stopped:         0
Number of times breaked:         0

Total time for CPA algorithm:         3.805s (Max:     3.805s)
  Time for choose from waitlist:      0.033s
  Time for precision adjustment:      0.078s
  Time for transfer relation:         1.889s
  Time for stop operator:             1.633s
  Time for adding to reached set:     0.086s

CPAchecker general statistics
-----------------------------
Number of program locations:                       73
Number of CFA edges (per node):                          75 (count: 73, min: 0, max: 2, avg: 1.03)
Number of relevant variables:                      3
Number of functions:                               4
Number of loops (and loop nodes):                         2 (sum: 17, min: 4, max: 13, avg: 8.50)
Size of reached set:             4414
  Number of partitions:          88
    Avg size of partitions:      50
    Max size of partitions:      1028 (with key [{svp_simple_021_001_main=N16 (before line 151) Function svp_simple_021_001_RecvTcBlock called from node N26, stack depth 2 [4bc78dca], stack [svp_simple_021_001_main, svp_simple_021_001_RecvTcBlock] @@ -2147483648 @@ 0}])
  Number of target states:       0

Time for analysis setup:          1.905s
  Time for loading CPAs:          0.342s
  Time for loading parser:        0.310s
  Time for CFA construction:      0.883s
    Time for parsing file(s):     0.491s
    Time for AST to CFA:          0.199s
    Time for CFA sanity check:    0.001s
    Time for post-processing:     0.135s
      Time for function pointers resolving:            0.009s
        Function calls via function pointers:             0 (count: 1, min: 0, max: 0, avg: 0.00)
        Instrumented function pointer calls:              0 (count: 1, min: 0, max: 0, avg: 0.00)
        Function calls with function pointer arguments:        0 (count: 1, min: 0, max: 0, avg: 0.00)
        Instrumented function pointer arguments:          0 (count: 1, min: 0, max: 0, avg: 0.00)
      Time for classifying variables:                  0.073s
        Time for collecting variables:                 0.043s
        Time for solving dependencies:                 0.001s
        Time for building hierarchy:                   0.000s
        Time for building classification:              0.029s
        Time for exporting data:                       0.000s
Time for Analysis:                3.844s
CPU time for analysis:            3.860s
Time for analyzing result:        0.004s
Total time for CPAchecker:        5.766s
Total CPU time for CPAchecker:    5.780s
Time for statistics:              0.092s

Time for Garbage Collector:       0.344s (in 5 runs)
Garbage Collector(s) used:    Copy, MarkSweepCompact

Verification result: TRUE. No property violation found by chosen configuration.
More details about the verification run can be found in the directory "./output".
