scripts/cpa.sh -heap 4096M -benchmark -timelimit 120s -config ./config/myAnalysis-concurrent-interrupt-benchmark.properties -stats -spec ../benchmark-racebench/properties/unreach-call.prp -32 ../benchmark-racebench/2.1_remarks/svp_simple_014_001.i


--------------------------------------------------------------------------------


Running CPAchecker with Java heap of size 4096M.
Running CPAchecker with default stack size (1024k). Specify a larger value with -stack if needed.
Language C detected and set for analysis (CPAMain.detectFrontendLanguageIfNecessary, INFO)

Using the following resource limits: CPU-time limit of 120s (ResourceLimitChecker.fromConfiguration, INFO)

CPAchecker 2.0 / myAnalysis-concurrent-interrupt-benchmark (Java HotSpot(TM) 64-Bit Server VM 11.0.8) started (CPAchecker.run, INFO)

Parsing CFA from file(s) "../benchmark-racebench/2.1_remarks/svp_simple_014_001.i" (CPAchecker.parse, INFO)

Building Constrained Dependency Graph ... (EdgeInfo.<init>, INFO)

Using unsound approximation of ints with unbounded integers and floats with rationals for encoding program semantics. (FormulaManagerView.<init>, WARNING)

Starting analysis ... (CPAchecker.runAlgorithm, INFO)

current state reaches the maximum interrupt nesting level 2 (ThreadingIntpCPA:ThreadingIntpTransferRelation.createInterruptThreads, WARNING)

current state reaches the maximum interrupt nesting level 2 (ThreadingIntpCPA:ThreadingIntpTransferRelation.createInterruptThreads, WARNING)

current state reaches the maximum interrupt nesting level 2 (ThreadingIntpCPA:ThreadingIntpTransferRelation.createInterruptThreads, WARNING)

current state reaches the maximum interrupt nesting level 2 (ThreadingIntpCPA:ThreadingIntpTransferRelation.createInterruptThreads, WARNING)

current state reaches the maximum interrupt nesting level 2 (ThreadingIntpCPA:ThreadingIntpTransferRelation.createInterruptThreads, WARNING)

current state reaches the maximum interrupt nesting level 2 (ThreadingIntpCPA:ThreadingIntpTransferRelation.createInterruptThreads, WARNING)

current state reaches the maximum interrupt nesting level 2 (ThreadingIntpCPA:ThreadingIntpTransferRelation.createInterruptThreads, WARNING)

current state reaches the maximum interrupt nesting level 2 (ThreadingIntpCPA:ThreadingIntpTransferRelation.createInterruptThreads, WARNING)

current state reaches the maximum interrupt nesting level 2 (ThreadingIntpCPA:ThreadingIntpTransferRelation.createInterruptThreads, WARNING)

current state reaches the maximum interrupt nesting level 2 (ThreadingIntpCPA:ThreadingIntpTransferRelation.createInterruptThreads, WARNING)

current state reaches the maximum interrupt nesting level 2 (ThreadingIntpCPA:ThreadingIntpTransferRelation.createInterruptThreads, WARNING)

current state reaches the maximum interrupt nesting level 2 (ThreadingIntpCPA:ThreadingIntpTransferRelation.createInterruptThreads, WARNING)

current state reaches the maximum interrupt nesting level 2 (ThreadingIntpCPA:ThreadingIntpTransferRelation.createInterruptThreads, WARNING)

current state reaches the maximum interrupt nesting level 2 (ThreadingIntpCPA:ThreadingIntpTransferRelation.createInterruptThreads, WARNING)

current state reaches the maximum interrupt nesting level 2 (ThreadingIntpCPA:ThreadingIntpTransferRelation.createInterruptThreads, WARNING)

current state reaches the maximum interrupt nesting level 2 (ThreadingIntpCPA:ThreadingIntpTransferRelation.createInterruptThreads, WARNING)

========================== Verify Result ===========================
explored states: 475
reached set size: 476
total time: 366 ms
=========================== Predicates =============================
====================================================================
Race times:
 
[31m=========================== Conflicts checked =============================
The total number of conflicts is0
RWR conflicts have 0
WRW conflicts have 0
RWW conflicts have 0
WWR conflicts have 0
[0m=========================== 详细状态如下 =============================
 raceRWRSet:
[]
 raceWRWSet:
[]
 raceRWWSet:
[]
 raceWWRSet:
[]
Stopping analysis ... (CPAchecker.runAlgorithm, INFO)


BDDCPA statistics
-----------------
Number of boolean vars:           0 (of 0)
Number of intEqual vars:          8 (of 8)
Number of intAdd vars:            1 (of 1)
Number of all vars:               9
Number of intBool partitions:     0
Number of intEq partitions:       4
Number of intAdd partitions:      1
Number of all partitions:         5
Number of named predicates:          896
Number of BDD nodes:                               7014
Size of BDD node table:                            207593
Size of BDD cache:                                 20759
Size of BDD node cleanup queue:                    0.00 (sum: 0, count: 16045, min: 0, max: 0)
Time for BDD node cleanup:                             0.018s
Time for BDD garbage collection:                       0.000s (in 0 runs)

AutomatonAnalysis (SVCOMP) statistics
-------------------------------------
Number of states:                                  1
Total time for successor computation:                  0.018s
Automaton transfers with branching:                0
Automaton transfer successors:                     1.00 (sum: 419, count: 419, min: 1, max: 1) [1 x 419]
Number of states with assumption transitions:      0

Constrained Dependency Graph statistics
---------------------------------------
Time for building the nodes of conditional dependence graph:     0.090s
Time for building conditional dependence graph:        0.204s
  Number of dependent node:                              16 (count: 1, min: 16, max: 16, avg: 16.00)
  Number of dependent node pairs:                        28
  Number of un-conditional dependent node pairs:         28
  Number of block:                                       16
  Size of block:                                         16 (sum: 16, min: 1, max: 1, avg: 1.00)

CPA algorithm statistics
------------------------
Number of iterations:            476
Max size of waitlist:            7
Average size of waitlist:        4
ThreadingSortedWaitlist:                           450.00 (sum: 450, count: 1, min: 450, max: 450)
CallstackSortedWaitlist:                           17.31 (sum: 450, count: 26, min: 0, max: 450)
Number of computed successors:   475
Max successors for one state:    4
Number of times merged:          0
Number of times stopped:         0
Number of times breaked:         0

Total time for CPA algorithm:         0.366s (Max:     0.366s)
  Time for choose from waitlist:      0.002s
  Time for precision adjustment:      0.011s
  Time for transfer relation:         0.288s
  Time for stop operator:             0.022s
  Time for adding to reached set:     0.017s

CPAchecker general statistics
-----------------------------
Number of program locations:                       62
Number of CFA edges (per node):                          62 (count: 62, min: 0, max: 2, avg: 1.00)
Number of relevant variables:                      3
Number of functions:                               4
Number of loops (and loop nodes):                         1 (sum: 6, min: 6, max: 6, avg: 6.00)
Size of reached set:             476
  Number of partitions:          131
    Avg size of partitions:      3
    Max size of partitions:      51 (with key [{svp_simple_014_001_isr_1=N5 (exit of function svp_simple_014_001_isr_1 in lines 123-136) Function svp_simple_014_001_isr_1 called from node N6, stack depth 1 [f9b8129], stack [svp_simple_014_001_isr_1] @@ 1 @@ 1, svp_simple_014_001_main=N4 (after line 120) Function svp_simple_014_001_main called from node N1, stack depth 1 [2f1f9515], stack [svp_simple_014_001_main] @@ -2147483648 @@ 0}])
  Number of target states:       0

Time for analysis setup:          1.757s
  Time for loading CPAs:          0.359s
  Time for loading parser:        0.307s
  Time for CFA construction:      0.723s
    Time for parsing file(s):     0.431s
    Time for AST to CFA:          0.134s
    Time for CFA sanity check:    0.000s
    Time for post-processing:     0.111s
      Time for function pointers resolving:            0.002s
        Function calls via function pointers:             0 (count: 1, min: 0, max: 0, avg: 0.00)
        Instrumented function pointer calls:              0 (count: 1, min: 0, max: 0, avg: 0.00)
        Function calls with function pointer arguments:        0 (count: 1, min: 0, max: 0, avg: 0.00)
        Instrumented function pointer arguments:          0 (count: 1, min: 0, max: 0, avg: 0.00)
      Time for classifying variables:                  0.046s
        Time for collecting variables:                 0.010s
        Time for solving dependencies:                 0.001s
        Time for building hierarchy:                   0.000s
        Time for building classification:              0.035s
        Time for exporting data:                       0.000s
Time for Analysis:                0.402s
CPU time for analysis:            0.400s
Time for analyzing result:        0.003s
Total time for CPAchecker:        2.160s
Total CPU time for CPAchecker:    2.160s
Time for statistics:              0.103s

Time for Garbage Collector:       0.032s (in 2 runs)
Garbage Collector(s) used:    Copy, MarkSweepCompact

Verification result: TRUE. No property violation found by chosen configuration.
More details about the verification run can be found in the directory "./output".
