scripts/cpa.sh -heap 4096M -benchmark -timelimit 120s -config ./config/myAnalysis-concurrent-interrupt-benchmark.properties -stats -spec ../benchmark-racebench/properties/unreach-call.prp -32 ../benchmark-racebench/2.1_remarks/svp_simple_004_001.i


--------------------------------------------------------------------------------


Running CPAchecker with Java heap of size 4096M.
Running CPAchecker with default stack size (1024k). Specify a larger value with -stack if needed.
Language C detected and set for analysis (CPAMain.detectFrontendLanguageIfNecessary, INFO)

Using the following resource limits: CPU-time limit of 120s (ResourceLimitChecker.fromConfiguration, INFO)

CPAchecker 2.0 / myAnalysis-concurrent-interrupt-benchmark (Java HotSpot(TM) 64-Bit Server VM 11.0.8) started (CPAchecker.run, INFO)

Parsing CFA from file(s) "../benchmark-racebench/2.1_remarks/svp_simple_004_001.i" (CPAchecker.parse, INFO)

Building Constrained Dependency Graph ... (EdgeInfo.<init>, INFO)

Using unsound approximation of ints with unbounded integers and floats with rationals for encoding program semantics. (FormulaManagerView.<init>, WARNING)

Starting analysis ... (CPAchecker.runAlgorithm, INFO)

========================== Verify Result ===========================
explored states: 270
reached set size: 271
total time: 234 ms
=========================== Predicates =============================
====================================================================
Race times:
 
[31m=========================== Conflicts checked =============================
The total number of conflicts is1
RWR conflicts have 1
WRW conflicts have 0
RWW conflicts have 0
WWR conflicts have 0
[0m=========================== 详细状态如下 =============================
 raceRWRSet:
[
svp_simple_004_001_global_var1:

       (svp_simple_004_001_global_var1,svp_simple_004_001_main, '131, 'R)
       (svp_simple_004_001_global_var1,svp_simple_004_001_isr_1, '149, 'W)
       (svp_simple_004_001_global_var1,svp_simple_004_001_main, '136, 'R)]
 raceWRWSet:
[]
 raceRWWSet:
[]
 raceWWRSet:
[]
Stopping analysis ... (CPAchecker.runAlgorithm, INFO)


BDDCPA statistics
-----------------
Number of boolean vars:           0 (of 0)
Number of intEqual vars:          15 (of 15)
Number of intAdd vars:            0 (of 0)
Number of all vars:               15
Number of intBool partitions:     0
Number of intEq partitions:       9
Number of intAdd partitions:      0
Number of all partitions:         9
Number of named predicates:          1536
Number of BDD nodes:                               4151
Size of BDD node table:                            207593
Size of BDD cache:                                 20759
Size of BDD node cleanup queue:                    0.00 (sum: 0, count: 4138, min: 0, max: 0)
Time for BDD node cleanup:                             0.005s
Time for BDD garbage collection:                       0.000s (in 0 runs)

AutomatonAnalysis (SVCOMP) statistics
-------------------------------------
Number of states:                                  1
Total time for successor computation:                  0.009s
Automaton transfers with branching:                0
Automaton transfer successors:                     1.00 (sum: 249, count: 249, min: 1, max: 1) [1 x 249]
Number of states with assumption transitions:      0

Constrained Dependency Graph statistics
---------------------------------------
Time for building the nodes of conditional dependence graph:     0.088s
Time for building conditional dependence graph:        0.200s
  Number of dependent node:                              31 (count: 1, min: 31, max: 31, avg: 31.00)
  Number of dependent node pairs:                        43
  Number of un-conditional dependent node pairs:         43
  Number of block:                                       31
  Size of block:                                         31 (sum: 31, min: 1, max: 1, avg: 1.00)

CPA algorithm statistics
------------------------
Number of iterations:            271
Max size of waitlist:            3
Average size of waitlist:        2
ThreadingSortedWaitlist:                           221.00 (sum: 221, count: 1, min: 221, max: 221)
CallstackSortedWaitlist:                           4.42 (sum: 221, count: 50, min: 0, max: 50)
Number of computed successors:   270
Max successors for one state:    2
Number of times merged:          0
Number of times stopped:         0
Number of times breaked:         0

Total time for CPA algorithm:         0.234s (Max:     0.234s)
  Time for choose from waitlist:      0.003s
  Time for precision adjustment:      0.009s
  Time for transfer relation:         0.166s
  Time for stop operator:             0.023s
  Time for adding to reached set:     0.026s

CPAchecker general statistics
-----------------------------
Number of program locations:                       67
Number of CFA edges (per node):                          70 (count: 67, min: 0, max: 2, avg: 1.04)
Number of relevant variables:                      6
Number of functions:                               3
Number of loops (and loop nodes):                         0 (sum: 0, min: 0, max: 0, avg: 0.00)
Size of reached set:             271
  Number of partitions:          130
    Avg size of partitions:      2
    Max size of partitions:      22 (with key [{svp_simple_004_001_main=N22 (after line 142) Function svp_simple_004_001_main called from node N1, stack depth 1 [1d9bd4da], stack [svp_simple_004_001_main] @@ -2147483648 @@ 0}])
  Number of target states:       0

Time for analysis setup:          1.765s
  Time for loading CPAs:          0.392s
  Time for loading parser:        0.303s
  Time for CFA construction:      0.714s
    Time for parsing file(s):     0.411s
    Time for AST to CFA:          0.147s
    Time for CFA sanity check:    0.000s
    Time for post-processing:     0.108s
      Time for function pointers resolving:            0.012s
        Function calls via function pointers:             0 (count: 1, min: 0, max: 0, avg: 0.00)
        Instrumented function pointer calls:              0 (count: 1, min: 0, max: 0, avg: 0.00)
        Function calls with function pointer arguments:        0 (count: 1, min: 0, max: 0, avg: 0.00)
        Instrumented function pointer arguments:          0 (count: 1, min: 0, max: 0, avg: 0.00)
      Time for classifying variables:                  0.064s
        Time for collecting variables:                 0.022s
        Time for solving dependencies:                 0.000s
        Time for building hierarchy:                   0.001s
        Time for building classification:              0.041s
        Time for exporting data:                       0.000s
Time for Analysis:                0.264s
CPU time for analysis:            0.250s
Time for analyzing result:        0.001s
Total time for CPAchecker:        2.030s
Total CPU time for CPAchecker:    2.030s
Time for statistics:              0.098s

Time for Garbage Collector:       0.030s (in 2 runs)
Garbage Collector(s) used:    Copy, MarkSweepCompact

Verification result: TRUE. No property violation found by chosen configuration.
More details about the verification run can be found in the directory "./output".
