scripts/cpa.sh -heap 4096M -benchmark -timelimit 120s -config ./config/myAnalysis-concurrent-interrupt-benchmark.properties -stats -spec ../benchmark-racebench/properties/unreach-call.prp -32 ../benchmark-racebench/2.1_remarks/svp_simple_005_001.i


--------------------------------------------------------------------------------


Running CPAchecker with Java heap of size 4096M.
Running CPAchecker with default stack size (1024k). Specify a larger value with -stack if needed.
Language C detected and set for analysis (CPAMain.detectFrontendLanguageIfNecessary, INFO)

Using the following resource limits: CPU-time limit of 120s (ResourceLimitChecker.fromConfiguration, INFO)

CPAchecker 2.0 / myAnalysis-concurrent-interrupt-benchmark (Java HotSpot(TM) 64-Bit Server VM 11.0.8) started (CPAchecker.run, INFO)

Parsing CFA from file(s) "../benchmark-racebench/2.1_remarks/svp_simple_005_001.i" (CPAchecker.parse, INFO)

Building Constrained Dependency Graph ... (EdgeInfo.<init>, INFO)

Using unsound approximation of ints with unbounded integers and floats with rationals for encoding program semantics. (FormulaManagerView.<init>, WARNING)

Starting analysis ... (CPAchecker.runAlgorithm, INFO)

========================== Verify Result ===========================
explored states: 188
reached set size: 189
total time: 272 ms
=========================== Predicates =============================
====================================================================
Race times:
 
[31m=========================== Conflicts checked =============================
The total number of conflicts is1
RWR conflicts have 0
WRW conflicts have 1
RWW conflicts have 0
WWR conflicts have 0
[0m=========================== 详细状态如下 =============================
 raceRWRSet:
[]
 raceWRWSet:
[
svp_simple_005_001_global_var:

       (svp_simple_005_001_global_var,svp_simple_005_001_main, '122, 'W)
       (svp_simple_005_001_global_var,svp_simple_005_001_isr_1, '136, 'R)
       (svp_simple_005_001_global_var,svp_simple_005_001_main, '130, 'W)]
 raceRWWSet:
[]
 raceWWRSet:
[]
Stopping analysis ... (CPAchecker.runAlgorithm, INFO)


BDDCPA statistics
-----------------
Number of boolean vars:           0 (of 0)
Number of intEqual vars:          3 (of 3)
Number of intAdd vars:            2 (of 2)
Number of all vars:               5
Number of intBool partitions:     0
Number of intEq partitions:       2
Number of intAdd partitions:      2
Number of all partitions:         4
Number of named predicates:          576
Number of BDD nodes:                               10575
Size of BDD node table:                            207593
Size of BDD cache:                                 20759
Size of BDD node cleanup queue:                    0.00 (sum: 0, count: 44118, min: 0, max: 0)
Time for BDD node cleanup:                             0.006s
Time for BDD garbage collection:                       0.000s (in 0 runs)

AutomatonAnalysis (SVCOMP) statistics
-------------------------------------
Number of states:                                  1
Total time for successor computation:                  0.028s
Automaton transfers with branching:                0
Automaton transfer successors:                     1.00 (sum: 186, count: 186, min: 1, max: 1) [1 x 186]
Number of states with assumption transitions:      0

Constrained Dependency Graph statistics
---------------------------------------
Time for building the nodes of conditional dependence graph:     0.066s
Time for building conditional dependence graph:        0.183s
  Number of dependent node:                               8 (count: 1, min: 8, max: 8, avg: 8.00)
  Number of dependent node pairs:                        17
  Number of un-conditional dependent node pairs:         17
  Number of block:                                        8
  Size of block:                                          8 (sum: 8, min: 1, max: 1, avg: 1.00)

CPA algorithm statistics
------------------------
Number of iterations:            189
Max size of waitlist:            2
Average size of waitlist:        1
ThreadingSortedWaitlist:                           26.00 (sum: 26, count: 1, min: 26, max: 26)
CallstackSortedWaitlist:                           0.16 (sum: 26, count: 163, min: 0, max: 20)
Number of computed successors:   188
Max successors for one state:    2
Number of times merged:          0
Number of times stopped:         0
Number of times breaked:         0

Total time for CPA algorithm:         0.272s (Max:     0.272s)
  Time for choose from waitlist:      0.013s
  Time for precision adjustment:      0.005s
  Time for transfer relation:         0.212s
  Time for stop operator:             0.022s
  Time for adding to reached set:     0.010s

CPAchecker general statistics
-----------------------------
Number of program locations:                       46
Number of CFA edges (per node):                          49 (count: 46, min: 0, max: 2, avg: 1.07)
Number of relevant variables:                      3
Number of functions:                               2
Number of loops (and loop nodes):                         2 (sum: 19, min: 7, max: 12, avg: 9.50)
Size of reached set:             189
  Number of partitions:          49
    Avg size of partitions:      3
    Max size of partitions:      32 (with key [{svp_simple_005_001_main=N10 (before line 120) Function svp_simple_005_001_main called from node N1, stack depth 1 [10f03ab0], stack [svp_simple_005_001_main] @@ -2147483648 @@ 0}])
  Number of target states:       0

Time for analysis setup:          1.710s
  Time for loading CPAs:          0.374s
  Time for loading parser:        0.294s
  Time for CFA construction:      0.702s
    Time for parsing file(s):     0.424s
    Time for AST to CFA:          0.132s
    Time for CFA sanity check:    0.001s
    Time for post-processing:     0.108s
      Time for function pointers resolving:            0.005s
        Function calls via function pointers:             0 (count: 1, min: 0, max: 0, avg: 0.00)
        Instrumented function pointer calls:              0 (count: 1, min: 0, max: 0, avg: 0.00)
        Function calls with function pointer arguments:        0 (count: 1, min: 0, max: 0, avg: 0.00)
        Instrumented function pointer arguments:          0 (count: 1, min: 0, max: 0, avg: 0.00)
      Time for classifying variables:                  0.058s
        Time for collecting variables:                 0.018s
        Time for solving dependencies:                 0.000s
        Time for building hierarchy:                   0.000s
        Time for building classification:              0.040s
        Time for exporting data:                       0.000s
Time for Analysis:                0.298s
CPU time for analysis:            0.290s
Time for analyzing result:        0.001s
Total time for CPAchecker:        2.009s
Total CPU time for CPAchecker:    2.010s
Time for statistics:              0.094s

Time for Garbage Collector:       0.042s (in 2 runs)
Garbage Collector(s) used:    Copy, MarkSweepCompact

Verification result: TRUE. No property violation found by chosen configuration.
More details about the verification run can be found in the directory "./output".
