scripts/cpa.sh -heap 4096M -benchmark -timelimit 120s -config ./config/myAnalysis-concurrent-interrupt-benchmark.properties -stats -spec ../benchmark-racebench/properties/unreach-call.prp -32 ../benchmark-racebench/2.1_remarks/svp_simple_010_001.i


--------------------------------------------------------------------------------


Running CPAchecker with Java heap of size 4096M.
Running CPAchecker with default stack size (1024k). Specify a larger value with -stack if needed.
Language C detected and set for analysis (CPAMain.detectFrontendLanguageIfNecessary, INFO)

Using the following resource limits: CPU-time limit of 120s (ResourceLimitChecker.fromConfiguration, INFO)

CPAchecker 2.0 / myAnalysis-concurrent-interrupt-benchmark (Java HotSpot(TM) 64-Bit Server VM 11.0.8) started (CPAchecker.run, INFO)

Parsing CFA from file(s) "../benchmark-racebench/2.1_remarks/svp_simple_010_001.i" (CPAchecker.parse, INFO)

Building Constrained Dependency Graph ... (EdgeInfo.<init>, INFO)

Using unsound approximation of ints with unbounded integers and floats with rationals for encoding program semantics. (FormulaManagerView.<init>, WARNING)

Starting analysis ... (CPAchecker.runAlgorithm, INFO)

========================== Verify Result ===========================
explored states: 70
reached set size: 71
total time: 3973 ms
=========================== Predicates =============================
====================================================================
Race times:
 
[31m=========================== Conflicts checked =============================
The total number of conflicts is2
RWR conflicts have 0
WRW conflicts have 2
RWW conflicts have 0
WWR conflicts have 0
[0m=========================== 详细状态如下 =============================
 raceRWRSet:
[]
 raceWRWSet:
[
svp_simple_010_001_global_struct:

       (svp_simple_010_001_global_struct,svp_simple_010_001_main, '133, 'W)
       (svp_simple_010_001_global_struct,svp_simple_010_001_isr_1, '143, 'R)
       (svp_simple_010_001_global_struct,svp_simple_010_001_main, '134, 'W), 
svp_simple_010_001_global_union:

       (svp_simple_010_001_global_union,svp_simple_010_001_main, '130, 'W)
       (svp_simple_010_001_global_union,svp_simple_010_001_isr_1, '141, 'R)
       (svp_simple_010_001_global_union,svp_simple_010_001_main, '131, 'W)]
 raceRWWSet:
[]
 raceWWRSet:
[]
Stopping analysis ... (CPAchecker.runAlgorithm, INFO)


BDDCPA statistics
-----------------
Number of boolean vars:           0 (of 0)
Number of intEqual vars:          0 (of 0)
Number of intAdd vars:            0 (of 0)
Number of all vars:               0
Number of intBool partitions:     0
Number of intEq partitions:       0
Number of intAdd partitions:      0
Number of all partitions:         8
Number of named predicates:          1424
Number of BDD nodes:                               1812707
Size of BDD node table:                            1857217
Size of BDD cache:                                 185723
Size of BDD node cleanup queue:                    0.18 (sum: 724, count: 4134, min: 0, max: 690)
Time for BDD node cleanup:                             0.006s
Time for BDD garbage collection:                       1.312s (in 33 runs)

AutomatonAnalysis (SVCOMP) statistics
-------------------------------------
Number of states:                                  1
Total time for successor computation:                  0.006s
Automaton transfers with branching:                0
Automaton transfer successors:                     1.00 (sum: 66, count: 66, min: 1, max: 1) [1 x 66]
Number of states with assumption transitions:      0

Constrained Dependency Graph statistics
---------------------------------------
Time for building the nodes of conditional dependence graph:     0.056s
Time for building conditional dependence graph:        0.171s
  Number of dependent node:                               8 (count: 1, min: 8, max: 8, avg: 8.00)
  Number of dependent node pairs:                         0
  Number of un-conditional dependent node pairs:          0
  Number of block:                                        8
  Size of block:                                          8 (sum: 8, min: 1, max: 1, avg: 1.00)

CPA algorithm statistics
------------------------
Number of iterations:            71
Max size of waitlist:            2
Average size of waitlist:        1
ThreadingSortedWaitlist:                           38.00 (sum: 38, count: 1, min: 38, max: 38)
CallstackSortedWaitlist:                           1.15 (sum: 38, count: 33, min: 0, max: 11)
Number of computed successors:   70
Max successors for one state:    2
Number of times merged:          0
Number of times stopped:         0
Number of times breaked:         0

Total time for CPA algorithm:         3.973s (Max:     3.973s)
  Time for choose from waitlist:      0.001s
  Time for precision adjustment:      0.005s
  Time for transfer relation:         3.958s
  Time for stop operator:             0.001s
  Time for adding to reached set:     0.003s

CPAchecker general statistics
-----------------------------
Number of program locations:                       42
Number of CFA edges (per node):                          40 (count: 42, min: 0, max: 1, avg: 0.95)
Number of relevant variables:                      0
Number of functions:                               2
Number of loops (and loop nodes):                         0 (sum: 0, min: 0, max: 0, avg: 0.00)
Size of reached set:             71
  Number of partitions:          65
    Avg size of partitions:      1
    Max size of partitions:      4 (with key [{svp_simple_010_001_main=N11 (after line 134) Function svp_simple_010_001_main called from node N1, stack depth 1 [3b48e183], stack [svp_simple_010_001_main] @@ -2147483648 @@ 0}])
  Number of target states:       0

Time for analysis setup:          1.685s
  Time for loading CPAs:          0.355s
  Time for loading parser:        0.289s
  Time for CFA construction:      0.735s
    Time for parsing file(s):     0.423s
    Time for AST to CFA:          0.158s
    Time for CFA sanity check:    0.000s
    Time for post-processing:     0.110s
      Time for function pointers resolving:            0.004s
        Function calls via function pointers:             0 (count: 1, min: 0, max: 0, avg: 0.00)
        Instrumented function pointer calls:              0 (count: 1, min: 0, max: 0, avg: 0.00)
        Function calls with function pointer arguments:        0 (count: 1, min: 0, max: 0, avg: 0.00)
        Instrumented function pointer arguments:          0 (count: 1, min: 0, max: 0, avg: 0.00)
      Time for classifying variables:                  0.062s
        Time for collecting variables:                 0.030s
        Time for solving dependencies:                 0.000s
        Time for building hierarchy:                   0.000s
        Time for building classification:              0.032s
        Time for exporting data:                       0.000s
Time for Analysis:                3.985s
CPU time for analysis:            3.990s
Time for analyzing result:        0.000s
Total time for CPAchecker:        5.671s
Total CPU time for CPAchecker:    5.680s
Time for statistics:              0.100s

Time for Garbage Collector:       0.203s (in 20 runs)
Garbage Collector(s) used:    Copy, MarkSweepCompact

Verification result: TRUE. No property violation found by chosen configuration.
More details about the verification run can be found in the directory "./output".
