scripts/cpa.sh -heap 4096M -benchmark -timelimit 120s -config ./config/myAnalysis-concurrent-interrupt-benchmark.properties -stats -spec ../benchmark-racebench/properties/unreach-call.prp -32 ../benchmark-racebench/2.1_remarks/svp_simple_011_001.i


--------------------------------------------------------------------------------


Running CPAchecker with Java heap of size 4096M.
Running CPAchecker with default stack size (1024k). Specify a larger value with -stack if needed.
Language C detected and set for analysis (CPAMain.detectFrontendLanguageIfNecessary, INFO)

Using the following resource limits: CPU-time limit of 120s (ResourceLimitChecker.fromConfiguration, INFO)

CPAchecker 2.0 / myAnalysis-concurrent-interrupt-benchmark (Java HotSpot(TM) 64-Bit Server VM 11.0.8) started (CPAchecker.run, INFO)

Parsing CFA from file(s) "../benchmark-racebench/2.1_remarks/svp_simple_011_001.i" (CPAchecker.parse, INFO)

Building Constrained Dependency Graph ... (EdgeInfo.<init>, INFO)

Using unsound approximation of ints with unbounded integers and floats with rationals for encoding program semantics. (FormulaManagerView.<init>, WARNING)

Starting analysis ... (CPAchecker.runAlgorithm, INFO)

========================== Verify Result ===========================
explored states: 97
reached set size: 98
total time: 164 ms
=========================== Predicates =============================
====================================================================
Race times:
 
[31m=========================== Conflicts checked =============================
The total number of conflicts is3
RWR conflicts have 0
WRW conflicts have 3
RWW conflicts have 0
WWR conflicts have 0
[0m=========================== 详细状态如下 =============================
 raceRWRSet:
[]
 raceWRWSet:
[
svp_simple_011_001_u:

       (svp_simple_011_001_u,svp_simple_011_001_main, '124, 'W)
       (svp_simple_011_001_u,svp_simple_011_001_isr_1, '133, 'R)
       (svp_simple_011_001_u,svp_simple_011_001_main, '125, 'W), 
svp_simple_011_001_u:

       (svp_simple_011_001_u,svp_simple_011_001_main, '123, 'W)
       (svp_simple_011_001_u,svp_simple_011_001_isr_1, '133, 'R)
       (svp_simple_011_001_u,svp_simple_011_001_main, '124, 'W), 
svp_simple_011_001_u:

       (svp_simple_011_001_u,svp_simple_011_001_main, '125, 'W)
       (svp_simple_011_001_u,svp_simple_011_001_isr_1, '133, 'R)
       (svp_simple_011_001_u,svp_simple_011_001_main, '126, 'W)]
 raceRWWSet:
[]
 raceWWRSet:
[]
Stopping analysis ... (CPAchecker.runAlgorithm, INFO)


BDDCPA statistics
-----------------
Number of boolean vars:           0 (of 0)
Number of intEqual vars:          0 (of 0)
Number of intAdd vars:            0 (of 0)
Number of all vars:               0
Number of intBool partitions:     0
Number of intEq partitions:       0
Number of intAdd partitions:      0
Number of all partitions:         3
Number of named predicates:          928
Number of BDD nodes:                               6823
Size of BDD node table:                            207593
Size of BDD cache:                                 20759
Size of BDD node cleanup queue:                    0.00 (sum: 0, count: 5084, min: 0, max: 0)
Time for BDD node cleanup:                             0.001s
Time for BDD garbage collection:                       0.000s (in 0 runs)

AutomatonAnalysis (SVCOMP) statistics
-------------------------------------
Number of states:                                  1
Total time for successor computation:                  0.004s
Automaton transfers with branching:                0
Automaton transfer successors:                     1.00 (sum: 91, count: 91, min: 1, max: 1) [1 x 91]
Number of states with assumption transitions:      0

Constrained Dependency Graph statistics
---------------------------------------
Time for building the nodes of conditional dependence graph:     0.059s
Time for building conditional dependence graph:        0.206s
  Number of dependent node:                              12 (count: 1, min: 12, max: 12, avg: 12.00)
  Number of dependent node pairs:                        23
  Number of un-conditional dependent node pairs:         23
  Number of block:                                       12
  Size of block:                                         12 (sum: 12, min: 1, max: 1, avg: 1.00)

CPA algorithm statistics
------------------------
Number of iterations:            98
Max size of waitlist:            2
Average size of waitlist:        1
ThreadingSortedWaitlist:                           67.00 (sum: 67, count: 1, min: 67, max: 67)
CallstackSortedWaitlist:                           2.16 (sum: 67, count: 31, min: 0, max: 15)
Number of computed successors:   97
Max successors for one state:    2
Number of times merged:          0
Number of times stopped:         0
Number of times breaked:         0

Total time for CPA algorithm:         0.164s (Max:     0.164s)
  Time for choose from waitlist:      0.002s
  Time for precision adjustment:      0.014s
  Time for transfer relation:         0.129s
  Time for stop operator:             0.016s
  Time for adding to reached set:     0.001s

CPAchecker general statistics
-----------------------------
Number of program locations:                       40
Number of CFA edges (per node):                          38 (count: 40, min: 0, max: 1, avg: 0.95)
Number of relevant variables:                      6
Number of functions:                               2
Number of loops (and loop nodes):                         0 (sum: 0, min: 0, max: 0, avg: 0.00)
Size of reached set:             98
  Number of partitions:          79
    Avg size of partitions:      1
    Max size of partitions:      6 (with key [{svp_simple_011_001_main=N11 (after line 126) Function svp_simple_011_001_main called from node N1, stack depth 1 [7601bc96], stack [svp_simple_011_001_main] @@ -2147483648 @@ 0}])
  Number of target states:       0

Time for analysis setup:          1.733s
  Time for loading CPAs:          0.371s
  Time for loading parser:        0.295s
  Time for CFA construction:      0.722s
    Time for parsing file(s):     0.442s
    Time for AST to CFA:          0.129s
    Time for CFA sanity check:    0.001s
    Time for post-processing:     0.093s
      Time for function pointers resolving:            0.004s
        Function calls via function pointers:             0 (count: 1, min: 0, max: 0, avg: 0.00)
        Instrumented function pointer calls:              0 (count: 1, min: 0, max: 0, avg: 0.00)
        Function calls with function pointer arguments:        0 (count: 1, min: 0, max: 0, avg: 0.00)
        Instrumented function pointer arguments:          0 (count: 1, min: 0, max: 0, avg: 0.00)
      Time for classifying variables:                  0.053s
        Time for collecting variables:                 0.016s
        Time for solving dependencies:                 0.000s
        Time for building hierarchy:                   0.000s
        Time for building classification:              0.037s
        Time for exporting data:                       0.000s
Time for Analysis:                0.188s
CPU time for analysis:            0.180s
Time for analyzing result:        0.001s
Total time for CPAchecker:        1.922s
Total CPU time for CPAchecker:    1.920s
Time for statistics:              0.086s

Time for Garbage Collector:       0.032s (in 2 runs)
Garbage Collector(s) used:    Copy, MarkSweepCompact

Verification result: TRUE. No property violation found by chosen configuration.
More details about the verification run can be found in the directory "./output".
